[2021-10-19 17:42:11.516] [exthost] [info] extension host started
[2021-10-19 17:42:11.516] [exthost] [info] Skipping acquiring lock for /home/christian/.config/Code/User/workspaceStorage/1158196e251158784cab94b47ba3e646.
[2021-10-19 17:42:11.651] [exthost] [info] ExtensionService#_doActivateExtension vscode.microsoft-authentication, startup: false, activationEvent: 'onAuthenticationRequest:microsoft'
[2021-10-19 17:42:11.651] [exthost] [info] ExtensionService#loadCommonJSModule file:///snap/code/77/usr/share/code/resources/app/extensions/microsoft-authentication/dist/extension.js
[2021-10-19 17:42:11.661] [exthost] [info] ExtensionService#_doActivateExtension ms-vscode.cpptools, startup: false, activationEvent: 'onLanguage:cpp'
[2021-10-19 17:42:11.661] [exthost] [info] ExtensionService#loadCommonJSModule file:///home/christian/.vscode/extensions/ms-vscode.cpptools-1.7.0/dist/main
[2021-10-19 17:42:11.789] [exthost] [info] ExtensionService#_doActivateExtension vscode.debug-auto-launch, startup: true, activationEvent: '*'
[2021-10-19 17:42:11.789] [exthost] [info] ExtensionService#loadCommonJSModule file:///snap/code/77/usr/share/code/resources/app/extensions/debug-auto-launch/dist/extension
[2021-10-19 17:42:11.791] [exthost] [info] ExtensionService#_doActivateExtension vscode.git, startup: true, activationEvent: '*', root cause: vscode.github
[2021-10-19 17:42:11.791] [exthost] [info] ExtensionService#loadCommonJSModule file:///snap/code/77/usr/share/code/resources/app/extensions/git/dist/main
[2021-10-19 17:42:11.807] [exthost] [info] ExtensionService#_doActivateExtension vscodevim.vim, startup: true, activationEvent: '*'
[2021-10-19 17:42:11.807] [exthost] [info] ExtensionService#loadCommonJSModule file:///home/christian/.vscode/extensions/vscodevim.vim-1.21.9/out/extension
[2021-10-19 17:42:11.852] [exthost] [info] ExtensionService#_doActivateExtension ms-vscode.cmake-tools, startup: true, activationEvent: 'workspaceContains:CMakeLists.txt'
[2021-10-19 17:42:11.852] [exthost] [info] ExtensionService#loadCommonJSModule file:///home/christian/.vscode/extensions/ms-vscode.cmake-tools-1.9.0/dist/main
[2021-10-19 17:42:12.249] [exthost] [info] ExtensionService#_doActivateExtension vscode.github, startup: true, activationEvent: '*'
[2021-10-19 17:42:12.249] [exthost] [info] ExtensionService#loadCommonJSModule file:///snap/code/77/usr/share/code/resources/app/extensions/github/dist/extension.js
[2021-10-19 17:42:12.685] [exthost] [info] ExtensionService#_doActivateExtension ms-vscode.js-debug, startup: false, activationEvent: 'onCommand:extension.js-debug.clearAutoAttachVariables'
[2021-10-19 17:42:12.686] [exthost] [info] ExtensionService#loadCommonJSModule file:///snap/code/77/usr/share/code/resources/app/extensions/ms-vscode.js-debug/src/extension.js
[2021-10-19 17:42:12.872] [exthost] [info] ExtensionService#_doActivateExtension vscode.configuration-editing, startup: false, activationEvent: 'onLanguage:json'
[2021-10-19 17:42:12.872] [exthost] [info] ExtensionService#loadCommonJSModule file:///snap/code/77/usr/share/code/resources/app/extensions/configuration-editing/dist/configurationEditingMain
[2021-10-19 17:42:12.874] [exthost] [info] ExtensionService#_doActivateExtension vscode.extension-editing, startup: false, activationEvent: 'onLanguage:json'
[2021-10-19 17:42:12.874] [exthost] [info] ExtensionService#loadCommonJSModule file:///snap/code/77/usr/share/code/resources/app/extensions/extension-editing/dist/extensionEditingMain
[2021-10-19 17:42:12.881] [exthost] [info] ExtensionService#_doActivateExtension vscode.json-language-features, startup: false, activationEvent: 'onLanguage:json'
[2021-10-19 17:42:12.881] [exthost] [info] ExtensionService#loadCommonJSModule file:///snap/code/77/usr/share/code/resources/app/extensions/json-language-features/client/dist/node/jsonClientMain
[2021-10-19 17:42:12.899] [exthost] [info] ExtensionService#_doActivateExtension vscode.npm, startup: false, activationEvent: 'onLanguage:json'
[2021-10-19 17:42:12.899] [exthost] [info] ExtensionService#loadCommonJSModule file:///snap/code/77/usr/share/code/resources/app/extensions/npm/dist/npmMain
[2021-10-19 17:42:13.285] [exthost] [info] ExtensionService#_doActivateExtension vscode.typescript-language-features, startup: false, activationEvent: 'onLanguage:jsonc'
[2021-10-19 17:42:13.285] [exthost] [info] ExtensionService#loadCommonJSModule file:///snap/code/77/usr/share/code/resources/app/extensions/typescript-language-features/dist/extension
[2021-10-19 17:42:13.336] [exthost] [info] ExtensionService#_doActivateExtension vscode.github-authentication, startup: false, activationEvent: 'onAuthenticationRequest:github'
[2021-10-19 17:42:13.336] [exthost] [info] ExtensionService#loadCommonJSModule file:///snap/code/77/usr/share/code/resources/app/extensions/github-authentication/dist/extension.js
[2021-10-19 17:42:13.535] [exthost] [info] eager extensions activated
[2021-10-19 17:42:13.586] [exthost] [info] ExtensionService#_doActivateExtension vscode.emmet, startup: false, activationEvent: 'onStartupFinished'
[2021-10-19 17:42:13.586] [exthost] [info] ExtensionService#loadCommonJSModule file:///snap/code/77/usr/share/code/resources/app/extensions/emmet/dist/node/emmetNodeMain
[2021-10-19 17:42:13.606] [exthost] [info] ExtensionService#_doActivateExtension vscode.merge-conflict, startup: false, activationEvent: 'onStartupFinished'
[2021-10-19 17:42:13.606] [exthost] [info] ExtensionService#loadCommonJSModule file:///snap/code/77/usr/share/code/resources/app/extensions/merge-conflict/dist/mergeConflictMain
[2021-10-19 17:43:40.439] [exthost] [error] [ms-vscode.cpptools] provider FAILED
[2021-10-19 17:43:40.445] [exthost] [error] Error: DisposableStore is missing...
    at U._convertCompletionItem (/snap/code/77/usr/share/code/resources/app/out/vs/workbench/services/extensions/node/extensionHostProcess.js:94:181718)
    at U.resolveCompletionItem (/snap/code/77/usr/share/code/resources/app/out/vs/workbench/services/extensions/node/extensionHostProcess.js:94:181493)
[2021-10-19 17:52:24.785] [exthost] [info] ExtensionService#_doActivateExtension twxs.cmake, startup: false, activationEvent: 'onLanguage:cmake'
[2021-10-19 17:52:24.785] [exthost] [info] ExtensionService#loadCommonJSModule file:///home/christian/.vscode/extensions/twxs.cmake-0.0.17/out/extension
[2021-10-19 17:55:45.349] [exthost] [warning] {"name":"DISPOSED","message":"TextEditor(vs.editor.ICodeEditor:2,$model2) has been disposed"}
[2021-10-19 19:04:14.783] [exthost] [error] [ms-vscode.cpptools] provider FAILED
[2021-10-19 19:04:14.783] [exthost] [error] Error: DisposableStore is missing...
    at U._convertCompletionItem (/snap/code/77/usr/share/code/resources/app/out/vs/workbench/services/extensions/node/extensionHostProcess.js:94:181718)
    at U.resolveCompletionItem (/snap/code/77/usr/share/code/resources/app/out/vs/workbench/services/extensions/node/extensionHostProcess.js:94:181493)
[2021-10-19 21:17:40.893] [exthost] [error] [ms-vscode.cpptools] provider FAILED
[2021-10-19 21:17:40.893] [exthost] [error] Error: DisposableStore is missing...
    at U._convertCompletionItem (/snap/code/77/usr/share/code/resources/app/out/vs/workbench/services/extensions/node/extensionHostProcess.js:94:181718)
    at U.resolveCompletionItem (/snap/code/77/usr/share/code/resources/app/out/vs/workbench/services/extensions/node/extensionHostProcess.js:94:181493)
[2021-10-19 22:26:09.324] [exthost] [error] [ms-vscode.cpptools] provider FAILED
[2021-10-19 22:26:09.324] [exthost] [error] Error: DisposableStore is missing...
    at U._convertCompletionItem (/snap/code/77/usr/share/code/resources/app/out/vs/workbench/services/extensions/node/extensionHostProcess.js:94:181718)
    at U.resolveCompletionItem (/snap/code/77/usr/share/code/resources/app/out/vs/workbench/services/extensions/node/extensionHostProcess.js:94:181493)
[2021-10-20 05:12:42.635] [exthost] [info] extension host terminating: renderer closed the socket
[2021-10-20 05:12:42.995] [exthost] [error] TypeError: r.some is not a function
    at Function.saveToDisk (/home/christian/.vscode/extensions/vscodevim.vim-1.21.9/src/register/register.ts:350:30)
    at Object.e.deactivate (/home/christian/.vscode/extensions/vscodevim.vim-1.21.9/extension.ts:37:18)
    at v._deactivate (/snap/code/77/usr/share/code/resources/app/out/vs/workbench/services/extensions/node/extensionHostProcess.js:99:11277)
    at /snap/code/77/usr/share/code/resources/app/out/vs/workbench/services/extensions/node/extensionHostProcess.js:99:9991
    at Array.map (<anonymous>)
    at v.deactivateAll (/snap/code/77/usr/share/code/resources/app/out/vs/workbench/services/extensions/node/extensionHostProcess.js:99:9979)
    at b.terminate (/snap/code/77/usr/share/code/resources/app/out/vs/workbench/services/extensions/node/extensionHostProcess.js:103:723)
    at o (/snap/code/77/usr/share/code/resources/app/out/vs/workbench/services/extensions/node/extensionHostProcess.js:113:32535)
    at Socket.<anonymous> (/snap/code/77/usr/share/code/resources/app/out/vs/workbench/services/extensions/node/extensionHostProcess.js:113:30185)
    at Socket.emit (events.js:327:22)
    at Pipe.<anonymous> (net.js:673:12)
[2021-10-20 05:12:43.653] [exthost] [info] exiting with code 0
