[2021-10-19 17:42:10.746] [renderer1] [info] Starting extension host with pid 9923.
[2021-10-19 17:42:11.016] [renderer1] [error] [Extension Host] (node:9923) [DEP0005] DeprecationWarning: Buffer() is deprecated due to security and usability issues. Please use the Buffer.alloc(), Buffer.allocUnsafe(), or Buffer.from() methods instead.
(Use `code --trace-deprecation ...` to show where the warning was created)
[2021-10-19 17:42:13.213] [renderer1] [error] ENOENT: no such file or directory, open '/home/christian/.config/Code/User/globalStorage/vscodevim.vim/.registers': Error: ENOENT: no such file or directory, open '/home/christian/.config/Code/User/globalStorage/vscodevim.vim/.registers'
[2021-10-19 18:04:33.078] [renderer1] [error] [Extension Host] [CMakeTools] 2021-10-19T16:04:33.076Z [error] [cmake] CUDA_TOOLKIT_ROOT_DIR not found or specified
[2021-10-19 18:04:33.140] [renderer1] [error] [Extension Host] [CMakeTools] 2021-10-19T16:04:33.136Z [error] [cmake] You have changed variables that require your cache to be deleted.
[2021-10-19 18:04:33.140] [renderer1] [error] [Extension Host] [CMakeTools] 2021-10-19T16:04:33.136Z [error] [cmake] Configure will be re-run and you may have to reset some variables.
[2021-10-19 18:04:33.141] [renderer1] [error] [Extension Host] [CMakeTools] 2021-10-19T16:04:33.136Z [error] [cmake] The following variables have changed:
[2021-10-19 18:04:33.141] [renderer1] [error] [Extension Host] [CMakeTools] 2021-10-19T16:04:33.136Z [error] [cmake] CMAKE_CXX_COMPILER= /bin/x86_64-linux-gnu-g++-9
[2021-10-19 18:04:33.142] [renderer1] [error] [Extension Host] [CMakeTools] 2021-10-19T16:04:33.136Z [error] [cmake] CMAKE_C_COMPILER= /bin/x86_64-linux-gnu-gcc-9
[2021-10-19 18:04:33.142] [renderer1] [error] [Extension Host] [CMakeTools] 2021-10-19T16:04:33.137Z [error] [cmake] CMAKE_CXX_COMPILER= /bin/x86_64-linux-gnu-g++-9
[2021-10-19 18:04:33.142] [renderer1] [error] [Extension Host] [CMakeTools] 2021-10-19T16:04:33.137Z [error] [cmake] CMAKE_C_COMPILER= /bin/x86_64-linux-gnu-gcc-9
[2021-10-19 18:04:33.143] [renderer1] [error] [Extension Host] [CMakeTools] 2021-10-19T16:04:33.137Z [error] [cmake] CMAKE_CXX_COMPILER= /bin/x86_64-linux-gnu-g++-9
[2021-10-19 18:04:33.143] [renderer1] [error] [Extension Host] [CMakeTools] 2021-10-19T16:04:33.137Z [error] [cmake] CMAKE_C_COMPILER= /bin/x86_64-linux-gnu-gcc-9
[2021-10-19 18:04:33.143] [renderer1] [error] [Extension Host] [CMakeTools] 2021-10-19T16:04:33.137Z [error] [cmake] CMAKE_CXX_COMPILER= /bin/x86_64-linux-gnu-g++-9
[2021-10-19 18:04:33.144] [renderer1] [error] [Extension Host] [CMakeTools] 2021-10-19T16:04:33.137Z [error] [cmake] CMAKE_CXX_COMPILER= /bin/x86_64-linux-gnu-g++-9
[2021-10-19 18:04:33.144] [renderer1] [error] [Extension Host] [CMakeTools] 2021-10-19T16:04:33.138Z [error] [cmake] CMAKE_CXX_COMPILER= /bin/x86_64-linux-gnu-g++-9
[2021-10-19 18:04:33.144] [renderer1] [error] [Extension Host] [CMakeTools] 2021-10-19T16:04:33.138Z [error] [cmake] CMAKE_C_COMPILER= /bin/x86_64-linux-gnu-gcc-9
[2021-10-19 18:04:33.144] [renderer1] [error] [Extension Host] [CMakeTools] 2021-10-19T16:04:33.138Z [error] [cmake] CMAKE_CXX_COMPILER= /bin/x86_64-linux-gnu-g++-9
[2021-10-19 18:04:33.145] [renderer1] [error] [Extension Host] [CMakeTools] 2021-10-19T16:04:33.138Z [error] [cmake] 
[2021-10-19 18:04:37.113] [renderer1] [error] [Extension Host] [CMakeTools] 2021-10-19T16:04:37.112Z [error] [cmake] CUDA_TOOLKIT_ROOT_DIR not found or specified
[2021-10-19 18:04:37.167] [renderer1] [error] ENOENT: no such file or directory, stat '/home/christian/Desktop/Bachelor-Arbeit/build/CMakeFiles/CMakeTmp/src.cxx': Error: ENOENT: no such file or directory, stat '/home/christian/Desktop/Bachelor-Arbeit/build/CMakeFiles/CMakeTmp/src.cxx'
    at statSync (fs.js:1086:3)
    at Object.e.statSync (electron/js2c/asar_bundle.js:5:4315)
    at DefaultClient.<anonymous> (/home/christian/.vscode/extensions/ms-vscode.cpptools-1.7.0/dist/main.js:44839:42)
    at Generator.next (<anonymous>)
    at /home/christian/.vscode/extensions/ms-vscode.cpptools-1.7.0/dist/main.js:43252:71
    at new Promise (<anonymous>)
    at __webpack_modules__.9325.__awaiter (/home/christian/.vscode/extensions/ms-vscode.cpptools-1.7.0/dist/main.js:43248:12)
    at /home/christian/.vscode/extensions/ms-vscode.cpptools-1.7.0/dist/main.js:44827:59
    at a.fire (/snap/code/77/usr/share/code/resources/app/out/vs/workbench/services/extensions/node/extensionHostProcess.js:66:1712)
    at /snap/code/77/usr/share/code/resources/app/out/vs/workbench/services/extensions/node/extensionHostProcess.js:94:32413
    at a.fire (/snap/code/77/usr/share/code/resources/app/out/vs/workbench/services/extensions/node/extensionHostProcess.js:66:1712)
    at S.$onFileEvent (/snap/code/77/usr/share/code/resources/app/out/vs/workbench/services/extensions/node/extensionHostProcess.js:94:33587)
    at i._doInvokeHandler (/snap/code/77/usr/share/code/resources/app/out/vs/workbench/services/extensions/node/extensionHostProcess.js:98:13802)
    at i._invokeHandler (/snap/code/77/usr/share/code/resources/app/out/vs/workbench/services/extensions/node/extensionHostProcess.js:98:13486)
    at i._receiveRequest (/snap/code/77/usr/share/code/resources/app/out/vs/workbench/services/extensions/node/extensionHostProcess.js:98:12148)
    at i._receiveOneMessage (/snap/code/77/usr/share/code/resources/app/out/vs/workbench/services/extensions/node/extensionHostProcess.js:98:10826)
    at /snap/code/77/usr/share/code/resources/app/out/vs/workbench/services/extensions/node/extensionHostProcess.js:98:8922
    at a.fire (/snap/code/77/usr/share/code/resources/app/out/vs/workbench/services/extensions/node/extensionHostProcess.js:66:1712)
    at l.fire (/snap/code/77/usr/share/code/resources/app/out/vs/workbench/services/extensions/node/extensionHostProcess.js:74:15990)
    at /snap/code/77/usr/share/code/resources/app/out/vs/workbench/services/extensions/node/extensionHostProcess.js:113:30514
    at a.fire (/snap/code/77/usr/share/code/resources/app/out/vs/workbench/services/extensions/node/extensionHostProcess.js:66:1712)
    at l.fire (/snap/code/77/usr/share/code/resources/app/out/vs/workbench/services/extensions/node/extensionHostProcess.js:74:15990)
    at u._receiveMessage (/snap/code/77/usr/share/code/resources/app/out/vs/workbench/services/extensions/node/extensionHostProcess.js:74:21260)
    at /snap/code/77/usr/share/code/resources/app/out/vs/workbench/services/extensions/node/extensionHostProcess.js:74:18138
    at a.fire (/snap/code/77/usr/share/code/resources/app/out/vs/workbench/services/extensions/node/extensionHostProcess.js:66:1712)
    at v.acceptChunk (/snap/code/77/usr/share/code/resources/app/out/vs/workbench/services/extensions/node/extensionHostProcess.js:74:13351)
    at /snap/code/77/usr/share/code/resources/app/out/vs/workbench/services/extensions/node/extensionHostProcess.js:74:12699
    at Socket.w (/snap/code/77/usr/share/code/resources/app/out/vs/workbench/services/extensions/node/extensionHostProcess.js:113:13465)
    at Socket.emit (events.js:315:20)
    at addChunk (internal/streams/readable.js:309:12)
    at readableAddChunk (internal/streams/readable.js:284:9)
    at Socket.Readable.push (internal/streams/readable.js:223:10)
    at Pipe.onStreamRead (internal/stream_base_commons.js:188:23)
[2021-10-19 18:04:49.736] [renderer1] [error] [Extension Host] [CMakeTools] 2021-10-19T16:04:49.734Z [error] [main] Failed to prepare executable target with name 'ccc'
[2021-10-19 18:05:08.667] [renderer1] [error] [Extension Host] [CMakeTools] 2021-10-19T16:05:08.666Z [error] [main] Failed to prepare executable target with name 'ccc'
[2021-10-19 18:05:50.476] [renderer1] [error] [Extension Host] [CMakeTools] 2021-10-19T16:05:50.475Z [error] [main] Failed to prepare executable target with name 'ccc'
[2021-10-19 18:06:45.855] [renderer1] [error] [Extension Host] [CMakeTools] 2021-10-19T16:06:45.853Z [error] [main] Failed to prepare executable target with name 'undefined'
