Validating found git in: git
Using git 2.25.1 from git
> git rev-parse --git-dir
Open repository: /home/christian/Desktop/Bachelor-Arbeit
> git status -z -u
> git symbolic-ref --short HEAD
> git for-each-ref --format=%(refname)%00%(upstream:short)%00%(objectname)%00%(upstream:track) refs/heads/master refs/remotes/master
> git for-each-ref --sort -committerdate --format %(refname) %(objectname) %(*objectname)
> git remote --verbose
> git config --get commit.template
> git show --textconv :include/ccc/FractionMatrix.hpp
> git ls-files --stage -- /home/christian/Desktop/Bachelor-Arbeit/include/ccc/FractionMatrix.hpp
> git check-ignore -v -z --stdin
> git cat-file -s 72aeedfbc0567dcaea7ae166644f1ba2197d7283
> git status -z -u
> git symbolic-ref --short HEAD
> git for-each-ref --format=%(refname)%00%(upstream:short)%00%(objectname)%00%(upstream:track) refs/heads/master refs/remotes/master
> git for-each-ref --sort -committerdate --format %(refname) %(objectname) %(*objectname)
> git remote --verbose
> git config --get commit.template
> git show --textconv :src/Main.cpp
> git ls-files --stage -- /home/christian/Desktop/Bachelor-Arbeit/src/Main.cpp
> git cat-file -s 066f48d96986a015bb76df680540d9c88e74b966
> git status -z -u
> git symbolic-ref --short HEAD
> git for-each-ref --format=%(refname)%00%(upstream:short)%00%(objectname)%00%(upstream:track) refs/heads/master refs/remotes/master
> git for-each-ref --sort -committerdate --format %(refname) %(objectname) %(*objectname)
> git remote --verbose
> git config --get commit.template
> git status -z -u
> git symbolic-ref --short HEAD
> git for-each-ref --format=%(refname)%00%(upstream:short)%00%(objectname)%00%(upstream:track) refs/heads/master refs/remotes/master
> git for-each-ref --sort -committerdate --format %(refname) %(objectname) %(*objectname)
> git remote --verbose
> git config --get commit.template
> git ls-files --stage -- /home/christian/Desktop/Bachelor-Arbeit/src/Main.cpp
> git cat-file -s 066f48d96986a015bb76df680540d9c88e74b966
> git show --textconv :src/Main.cpp
> git status -z -u
> git symbolic-ref --short HEAD
> git for-each-ref --format=%(refname)%00%(upstream:short)%00%(objectname)%00%(upstream:track) refs/heads/master refs/remotes/master
> git for-each-ref --sort -committerdate --format %(refname) %(objectname) %(*objectname)
> git remote --verbose
> git config --get commit.template
