Validating found git in: git
Using git 2.25.1 from git
> git rev-parse --git-dir
Open repository: /home/christian/Desktop/Bachelor-Arbeit
> git status -z -u
> git symbolic-ref --short HEAD
> git for-each-ref --format=%(refname)%00%(upstream:short)%00%(objectname)%00%(upstream:track) refs/heads/master refs/remotes/master
> git for-each-ref --sort -committerdate --format %(refname) %(objectname) %(*objectname)
> git remote --verbose
Warning: Failed to watch ref '/home/christian/Desktop/Bachelor-Arbeit/.git/refs/remotes/origin/master', is most likely packed.
> git config --get commit.template
> git check-ignore -v -z --stdin
> git check-ignore -v -z --stdin
> git check-ignore -v -z --stdin
> git show --textconv :src/Main.cpp
> git ls-files --stage -- /home/christian/Desktop/Bachelor-Arbeit/src/Main.cpp
> git cat-file -s 066f48d96986a015bb76df680540d9c88e74b966
> git show --textconv :include/ccc/AST.hpp
> git ls-files --stage -- /home/christian/Desktop/Bachelor-Arbeit/include/ccc/AST.hpp
> git cat-file -s 7f2aee544aada50c51fad6c6f78b4a62960e26d1
> git show --textconv :src/Main.cpp
> git ls-files --stage -- /home/christian/Desktop/Bachelor-Arbeit/src/Main.cpp
> git cat-file -s 066f48d96986a015bb76df680540d9c88e74b966
> git show --textconv :CMakeLists.txt
> git ls-files --stage -- /home/christian/Desktop/Bachelor-Arbeit/CMakeLists.txt
> git cat-file -s 25a4f90e9d001792470c6817cb476c31745f310a
> git show --textconv :CMakeLists.txt
> git ls-files --stage -- /home/christian/Desktop/Bachelor-Arbeit/CMakeLists.txt
> git cat-file -s 25a4f90e9d001792470c6817cb476c31745f310a
> git show --textconv :src/Main.cpp
> git ls-files --stage -- /home/christian/Desktop/Bachelor-Arbeit/src/Main.cpp
> git cat-file -s 066f48d96986a015bb76df680540d9c88e74b966
> git show --textconv :CMakeLists.txt
> git ls-files --stage -- /home/christian/Desktop/Bachelor-Arbeit/CMakeLists.txt
> git cat-file -s 25a4f90e9d001792470c6817cb476c31745f310a
> git show --textconv :src/Main.cpp
> git ls-files --stage -- /home/christian/Desktop/Bachelor-Arbeit/src/Main.cpp
> git cat-file -s 066f48d96986a015bb76df680540d9c88e74b966
> git show --textconv :src/Delay.cpp
> git ls-files --stage -- /home/christian/Desktop/Bachelor-Arbeit/src/Delay.cpp
> git cat-file -s 1b159c0aa6233b1c5db5e38e6ab834c70fa4b7ad
> git show --textconv :src/Main.cpp
> git ls-files --stage -- /home/christian/Desktop/Bachelor-Arbeit/src/Main.cpp
> git cat-file -s 066f48d96986a015bb76df680540d9c88e74b966
> git show --textconv :src/Main.cpp
> git ls-files --stage -- /home/christian/Desktop/Bachelor-Arbeit/src/Main.cpp
> git cat-file -s 066f48d96986a015bb76df680540d9c88e74b966
> git status -z -u
> git symbolic-ref --short HEAD
> git for-each-ref --format=%(refname)%00%(upstream:short)%00%(objectname)%00%(upstream:track) refs/heads/master refs/remotes/master
> git for-each-ref --sort -committerdate --format %(refname) %(objectname) %(*objectname)
> git remote --verbose
Warning: Failed to watch ref '/home/christian/Desktop/Bachelor-Arbeit/.git/refs/remotes/origin/master', is most likely packed.
> git config --get commit.template
> git status -z -u
> git symbolic-ref --short HEAD
> git for-each-ref --format=%(refname)%00%(upstream:short)%00%(objectname)%00%(upstream:track) refs/heads/master refs/remotes/master
> git for-each-ref --sort -committerdate --format %(refname) %(objectname) %(*objectname)
> git remote --verbose
Warning: Failed to watch ref '/home/christian/Desktop/Bachelor-Arbeit/.git/refs/remotes/origin/master', is most likely packed.
> git config --get commit.template
