[2021-10-21 08:34:16.616] [renderer1] [info] Starting extension host with pid 123635.
[2021-10-21 08:34:17.055] [renderer1] [error] [Extension Host] (node:123635) [DEP0005] DeprecationWarning: Buffer() is deprecated due to security and usability issues. Please use the Buffer.alloc(), Buffer.allocUnsafe(), or Buffer.from() methods instead.
(Use `code --trace-deprecation ...` to show where the warning was created)
[2021-10-21 08:34:19.795] [renderer1] [error] [Extension Host] [CMakeTools] 2021-10-21T06:34:19.787Z [error] [cmake] CMake Error at CMakeLists.txt:2 (project):
[2021-10-21 08:34:19.795] [renderer1] [error] [Extension Host] [CMakeTools] 2021-10-21T06:34:19.788Z [error] [cmake]   The CMAKE_CXX_COMPILER:
[2021-10-21 08:34:19.796] [renderer1] [error] [Extension Host] [CMakeTools] 2021-10-21T06:34:19.788Z [error] [cmake] 
[2021-10-21 08:34:19.796] [renderer1] [error] [Extension Host] [CMakeTools] 2021-10-21T06:34:19.788Z [error] [cmake]     /bin/x86_64-linux-gnu-g++-9
[2021-10-21 08:34:19.797] [renderer1] [error] [Extension Host] [CMakeTools] 2021-10-21T06:34:19.788Z [error] [cmake] 
[2021-10-21 08:34:19.797] [renderer1] [error] [Extension Host] [CMakeTools] 2021-10-21T06:34:19.788Z [error] [cmake]   is not a full path to an existing compiler tool.
[2021-10-21 08:34:19.798] [renderer1] [error] [Extension Host] [CMakeTools] 2021-10-21T06:34:19.788Z [error] [cmake] 
[2021-10-21 08:34:19.798] [renderer1] [error] [Extension Host] [CMakeTools] 2021-10-21T06:34:19.789Z [error] [cmake]   Tell CMake where to find the compiler by setting either the environment
[2021-10-21 08:34:19.798] [renderer1] [error] [Extension Host] [CMakeTools] 2021-10-21T06:34:19.789Z [error] [cmake]   variable "CXX" or the CMake cache entry CMAKE_CXX_COMPILER to the full path
[2021-10-21 08:34:19.799] [renderer1] [error] [Extension Host] [CMakeTools] 2021-10-21T06:34:19.789Z [error] [cmake]   to the compiler, or to the compiler name if it is in the PATH.
[2021-10-21 08:34:19.800] [renderer1] [error] [Extension Host] [CMakeTools] 2021-10-21T06:34:19.789Z [error] [cmake] 
[2021-10-21 08:34:19.800] [renderer1] [error] [Extension Host] [CMakeTools] 2021-10-21T06:34:19.789Z [error] [cmake] 
[2021-10-21 08:40:42.278] [renderer1] [error] [Extension Host] [CMakeTools] 2021-10-21T06:40:42.275Z [error] [cmake] CMake Error at CMakeLists.txt:2 (project):
[2021-10-21 08:40:42.279] [renderer1] [error] [Extension Host] [CMakeTools] 2021-10-21T06:40:42.275Z [error] [cmake]   The CMAKE_CXX_COMPILER:
[2021-10-21 08:40:42.279] [renderer1] [error] [Extension Host] [CMakeTools] 2021-10-21T06:40:42.276Z [error] [cmake] 
[2021-10-21 08:40:42.279] [renderer1] [error] [Extension Host] [CMakeTools] 2021-10-21T06:40:42.276Z [error] [cmake]     /bin/x86_64-linux-gnu-g++-9
[2021-10-21 08:40:42.280] [renderer1] [error] [Extension Host] [CMakeTools] 2021-10-21T06:40:42.276Z [error] [cmake] 
[2021-10-21 08:40:42.280] [renderer1] [error] [Extension Host] [CMakeTools] 2021-10-21T06:40:42.276Z [error] [cmake]   is not a full path to an existing compiler tool.
[2021-10-21 08:40:42.280] [renderer1] [error] [Extension Host] [CMakeTools] 2021-10-21T06:40:42.276Z [error] [cmake] 
[2021-10-21 08:40:42.280] [renderer1] [error] [Extension Host] [CMakeTools] 2021-10-21T06:40:42.276Z [error] [cmake]   Tell CMake where to find the compiler by setting either the environment
[2021-10-21 08:40:42.281] [renderer1] [error] [Extension Host] [CMakeTools] 2021-10-21T06:40:42.276Z [error] [cmake]   variable "CXX" or the CMake cache entry CMAKE_CXX_COMPILER to the full path
[2021-10-21 08:40:42.281] [renderer1] [error] [Extension Host] [CMakeTools] 2021-10-21T06:40:42.276Z [error] [cmake]   to the compiler, or to the compiler name if it is in the PATH.
[2021-10-21 08:40:42.281] [renderer1] [error] [Extension Host] [CMakeTools] 2021-10-21T06:40:42.277Z [error] [cmake] 
[2021-10-21 08:40:42.281] [renderer1] [error] [Extension Host] [CMakeTools] 2021-10-21T06:40:42.277Z [error] [cmake] 
[2021-10-21 09:00:15.368] [renderer1] [error] [Extension Host] [CMakeTools] 2021-10-21T07:00:15.366Z [error] [cmake] CUDA_TOOLKIT_ROOT_DIR not found or specified
[2021-10-21 09:00:15.423] [renderer1] [error] [Extension Host] [CMakeTools] 2021-10-21T07:00:15.421Z [error] [cmake] You have changed variables that require your cache to be deleted.
[2021-10-21 09:00:15.424] [renderer1] [error] [Extension Host] [CMakeTools] 2021-10-21T07:00:15.421Z [error] [cmake] Configure will be re-run and you may have to reset some variables.
[2021-10-21 09:00:15.424] [renderer1] [error] [Extension Host] [CMakeTools] 2021-10-21T07:00:15.421Z [error] [cmake] The following variables have changed:
[2021-10-21 09:00:15.424] [renderer1] [error] [Extension Host] [CMakeTools] 2021-10-21T07:00:15.422Z [error] [cmake] CMAKE_CXX_COMPILER= /bin/x86_64-linux-gnu-g++-9
[2021-10-21 09:00:15.425] [renderer1] [error] [Extension Host] [CMakeTools] 2021-10-21T07:00:15.422Z [error] [cmake] CMAKE_CXX_COMPILER= /bin/x86_64-linux-gnu-g++-9
[2021-10-21 09:00:15.425] [renderer1] [error] [Extension Host] [CMakeTools] 2021-10-21T07:00:15.422Z [error] [cmake] CMAKE_CXX_COMPILER= /bin/x86_64-linux-gnu-g++-9
[2021-10-21 09:00:15.425] [renderer1] [error] [Extension Host] [CMakeTools] 2021-10-21T07:00:15.422Z [error] [cmake] CMAKE_CXX_COMPILER= /bin/x86_64-linux-gnu-g++-9
[2021-10-21 09:00:15.426] [renderer1] [error] [Extension Host] [CMakeTools] 2021-10-21T07:00:15.422Z [error] [cmake] CMAKE_CXX_COMPILER= /bin/x86_64-linux-gnu-g++-9
[2021-10-21 09:00:15.426] [renderer1] [error] [Extension Host] [CMakeTools] 2021-10-21T07:00:15.422Z [error] [cmake] CMAKE_CXX_COMPILER= /bin/x86_64-linux-gnu-g++-9
[2021-10-21 09:00:15.426] [renderer1] [error] [Extension Host] [CMakeTools] 2021-10-21T07:00:15.422Z [error] [cmake] CMAKE_CXX_COMPILER= /bin/x86_64-linux-gnu-g++-9
[2021-10-21 09:00:15.427] [renderer1] [error] [Extension Host] [CMakeTools] 2021-10-21T07:00:15.422Z [error] [cmake] 
[2021-10-21 09:00:15.574] [renderer1] [error] [Extension Host] [CMakeTools] 2021-10-21T07:00:15.572Z [error] [cmake] CMake Error at CMakeLists.txt:2 (project):
[2021-10-21 09:00:15.575] [renderer1] [error] [Extension Host] [CMakeTools] 2021-10-21T07:00:15.572Z [error] [cmake]   The CMAKE_CXX_COMPILER:
[2021-10-21 09:00:15.575] [renderer1] [error] [Extension Host] [CMakeTools] 2021-10-21T07:00:15.573Z [error] [cmake] 
[2021-10-21 09:00:15.576] [renderer1] [error] [Extension Host] [CMakeTools] 2021-10-21T07:00:15.573Z [error] [cmake]     /bin/x86_64-linux-gnu-g++-9
[2021-10-21 09:00:15.576] [renderer1] [error] [Extension Host] [CMakeTools] 2021-10-21T07:00:15.573Z [error] [cmake] 
[2021-10-21 09:00:15.576] [renderer1] [error] [Extension Host] [CMakeTools] 2021-10-21T07:00:15.573Z [error] [cmake]   is not a full path to an existing compiler tool.
[2021-10-21 09:00:15.576] [renderer1] [error] [Extension Host] [CMakeTools] 2021-10-21T07:00:15.573Z [error] [cmake] 
[2021-10-21 09:00:15.577] [renderer1] [error] [Extension Host] [CMakeTools] 2021-10-21T07:00:15.573Z [error] [cmake]   Tell CMake where to find the compiler by setting either the environment
[2021-10-21 09:00:15.577] [renderer1] [error] [Extension Host] [CMakeTools] 2021-10-21T07:00:15.573Z [error] [cmake]   variable "CXX" or the CMake cache entry CMAKE_CXX_COMPILER to the full path
[2021-10-21 09:00:15.577] [renderer1] [error] [Extension Host] [CMakeTools] 2021-10-21T07:00:15.573Z [error] [cmake]   to the compiler, or to the compiler name if it is in the PATH.
[2021-10-21 09:00:15.578] [renderer1] [error] [Extension Host] [CMakeTools] 2021-10-21T07:00:15.573Z [error] [cmake] 
[2021-10-21 09:00:15.578] [renderer1] [error] [Extension Host] [CMakeTools] 2021-10-21T07:00:15.573Z [error] [cmake] 
[2021-10-21 09:01:10.507] [renderer1] [error] ENOENT: no such file or directory, stat '/home/christian/Desktop/Bachelor-Arbeit/build/CMakeFiles/CMakeTmp/src.cxx': Error: ENOENT: no such file or directory, stat '/home/christian/Desktop/Bachelor-Arbeit/build/CMakeFiles/CMakeTmp/src.cxx'
    at statSync (fs.js:1086:3)
    at Object.e.statSync (electron/js2c/asar_bundle.js:5:4315)
    at DefaultClient.<anonymous> (/home/christian/.vscode/extensions/ms-vscode.cpptools-1.7.1/dist/main.js:44839:42)
    at Generator.next (<anonymous>)
    at /home/christian/.vscode/extensions/ms-vscode.cpptools-1.7.1/dist/main.js:43252:71
    at new Promise (<anonymous>)
    at __webpack_modules__.9325.__awaiter (/home/christian/.vscode/extensions/ms-vscode.cpptools-1.7.1/dist/main.js:43248:12)
    at /home/christian/.vscode/extensions/ms-vscode.cpptools-1.7.1/dist/main.js:44827:59
    at a.fire (/snap/code/78/usr/share/code/resources/app/out/vs/workbench/services/extensions/node/extensionHostProcess.js:66:1712)
    at /snap/code/78/usr/share/code/resources/app/out/vs/workbench/services/extensions/node/extensionHostProcess.js:94:32413
    at a.fire (/snap/code/78/usr/share/code/resources/app/out/vs/workbench/services/extensions/node/extensionHostProcess.js:66:1712)
    at S.$onFileEvent (/snap/code/78/usr/share/code/resources/app/out/vs/workbench/services/extensions/node/extensionHostProcess.js:94:33587)
    at i._doInvokeHandler (/snap/code/78/usr/share/code/resources/app/out/vs/workbench/services/extensions/node/extensionHostProcess.js:98:13802)
    at i._invokeHandler (/snap/code/78/usr/share/code/resources/app/out/vs/workbench/services/extensions/node/extensionHostProcess.js:98:13486)
    at i._receiveRequest (/snap/code/78/usr/share/code/resources/app/out/vs/workbench/services/extensions/node/extensionHostProcess.js:98:12148)
    at i._receiveOneMessage (/snap/code/78/usr/share/code/resources/app/out/vs/workbench/services/extensions/node/extensionHostProcess.js:98:10826)
    at /snap/code/78/usr/share/code/resources/app/out/vs/workbench/services/extensions/node/extensionHostProcess.js:98:8922
    at a.fire (/snap/code/78/usr/share/code/resources/app/out/vs/workbench/services/extensions/node/extensionHostProcess.js:66:1712)
    at l.fire (/snap/code/78/usr/share/code/resources/app/out/vs/workbench/services/extensions/node/extensionHostProcess.js:74:15990)
    at /snap/code/78/usr/share/code/resources/app/out/vs/workbench/services/extensions/node/extensionHostProcess.js:113:30514
    at a.fire (/snap/code/78/usr/share/code/resources/app/out/vs/workbench/services/extensions/node/extensionHostProcess.js:66:1712)
    at l.fire (/snap/code/78/usr/share/code/resources/app/out/vs/workbench/services/extensions/node/extensionHostProcess.js:74:15990)
    at u._receiveMessage (/snap/code/78/usr/share/code/resources/app/out/vs/workbench/services/extensions/node/extensionHostProcess.js:74:21260)
    at /snap/code/78/usr/share/code/resources/app/out/vs/workbench/services/extensions/node/extensionHostProcess.js:74:18138
    at a.fire (/snap/code/78/usr/share/code/resources/app/out/vs/workbench/services/extensions/node/extensionHostProcess.js:66:1712)
    at w.acceptChunk (/snap/code/78/usr/share/code/resources/app/out/vs/workbench/services/extensions/node/extensionHostProcess.js:74:13351)
    at /snap/code/78/usr/share/code/resources/app/out/vs/workbench/services/extensions/node/extensionHostProcess.js:74:12699
    at Socket.v (/snap/code/78/usr/share/code/resources/app/out/vs/workbench/services/extensions/node/extensionHostProcess.js:113:13465)
    at Socket.emit (events.js:315:20)
    at addChunk (internal/streams/readable.js:309:12)
    at readableAddChunk (internal/streams/readable.js:284:9)
    at Socket.Readable.push (internal/streams/readable.js:223:10)
    at Pipe.onStreamRead (internal/stream_base_commons.js:188:23)
[2021-10-21 09:03:07.781] [renderer1] [error] [Extension Host] [CMakeTools] 2021-10-21T07:03:07.780Z [error] [cmake] CUDA_TOOLKIT_ROOT_DIR not found or specified
[2021-10-21 09:03:07.847] [renderer1] [error] ENOENT: no such file or directory, stat '/home/christian/Desktop/Bachelor-Arbeit/build/CMakeFiles/CMakeTmp/src.cxx': Error: ENOENT: no such file or directory, stat '/home/christian/Desktop/Bachelor-Arbeit/build/CMakeFiles/CMakeTmp/src.cxx'
    at statSync (fs.js:1086:3)
    at Object.e.statSync (electron/js2c/asar_bundle.js:5:4315)
    at DefaultClient.<anonymous> (/home/christian/.vscode/extensions/ms-vscode.cpptools-1.7.1/dist/main.js:44839:42)
    at Generator.next (<anonymous>)
    at /home/christian/.vscode/extensions/ms-vscode.cpptools-1.7.1/dist/main.js:43252:71
    at new Promise (<anonymous>)
    at __webpack_modules__.9325.__awaiter (/home/christian/.vscode/extensions/ms-vscode.cpptools-1.7.1/dist/main.js:43248:12)
    at /home/christian/.vscode/extensions/ms-vscode.cpptools-1.7.1/dist/main.js:44827:59
    at a.fire (/snap/code/78/usr/share/code/resources/app/out/vs/workbench/services/extensions/node/extensionHostProcess.js:66:1712)
    at /snap/code/78/usr/share/code/resources/app/out/vs/workbench/services/extensions/node/extensionHostProcess.js:94:32413
    at a.fire (/snap/code/78/usr/share/code/resources/app/out/vs/workbench/services/extensions/node/extensionHostProcess.js:66:1712)
    at S.$onFileEvent (/snap/code/78/usr/share/code/resources/app/out/vs/workbench/services/extensions/node/extensionHostProcess.js:94:33587)
    at i._doInvokeHandler (/snap/code/78/usr/share/code/resources/app/out/vs/workbench/services/extensions/node/extensionHostProcess.js:98:13802)
    at i._invokeHandler (/snap/code/78/usr/share/code/resources/app/out/vs/workbench/services/extensions/node/extensionHostProcess.js:98:13486)
    at i._receiveRequest (/snap/code/78/usr/share/code/resources/app/out/vs/workbench/services/extensions/node/extensionHostProcess.js:98:12148)
    at i._receiveOneMessage (/snap/code/78/usr/share/code/resources/app/out/vs/workbench/services/extensions/node/extensionHostProcess.js:98:10826)
    at /snap/code/78/usr/share/code/resources/app/out/vs/workbench/services/extensions/node/extensionHostProcess.js:98:8922
    at a.fire (/snap/code/78/usr/share/code/resources/app/out/vs/workbench/services/extensions/node/extensionHostProcess.js:66:1712)
    at l.fire (/snap/code/78/usr/share/code/resources/app/out/vs/workbench/services/extensions/node/extensionHostProcess.js:74:15990)
    at /snap/code/78/usr/share/code/resources/app/out/vs/workbench/services/extensions/node/extensionHostProcess.js:113:30514
    at a.fire (/snap/code/78/usr/share/code/resources/app/out/vs/workbench/services/extensions/node/extensionHostProcess.js:66:1712)
    at l.fire (/snap/code/78/usr/share/code/resources/app/out/vs/workbench/services/extensions/node/extensionHostProcess.js:74:15990)
    at u._receiveMessage (/snap/code/78/usr/share/code/resources/app/out/vs/workbench/services/extensions/node/extensionHostProcess.js:74:21260)
    at /snap/code/78/usr/share/code/resources/app/out/vs/workbench/services/extensions/node/extensionHostProcess.js:74:18138
    at a.fire (/snap/code/78/usr/share/code/resources/app/out/vs/workbench/services/extensions/node/extensionHostProcess.js:66:1712)
    at w.acceptChunk (/snap/code/78/usr/share/code/resources/app/out/vs/workbench/services/extensions/node/extensionHostProcess.js:74:13351)
    at /snap/code/78/usr/share/code/resources/app/out/vs/workbench/services/extensions/node/extensionHostProcess.js:74:12699
    at Socket.v (/snap/code/78/usr/share/code/resources/app/out/vs/workbench/services/extensions/node/extensionHostProcess.js:113:13465)
    at Socket.emit (events.js:315:20)
    at addChunk (internal/streams/readable.js:309:12)
    at readableAddChunk (internal/streams/readable.js:284:9)
    at Socket.Readable.push (internal/streams/readable.js:223:10)
    at Pipe.onStreamRead (internal/stream_base_commons.js:188:23)
