[2021-10-19 16:23:49.261] [exthost] [info] extension host started
[2021-10-19 16:23:49.261] [exthost] [info] Skipping acquiring lock for /home/christian/.config/Code/User/workspaceStorage/1158196e251158784cab94b47ba3e646.
[2021-10-19 16:23:49.384] [exthost] [info] ExtensionService#_doActivateExtension vscode.microsoft-authentication, startup: false, activationEvent: 'onAuthenticationRequest:microsoft'
[2021-10-19 16:23:49.384] [exthost] [info] ExtensionService#loadCommonJSModule file:///snap/code/77/usr/share/code/resources/app/extensions/microsoft-authentication/dist/extension.js
[2021-10-19 16:23:49.398] [exthost] [info] ExtensionService#_doActivateExtension ms-vscode.cpptools, startup: false, activationEvent: 'onLanguage:cpp'
[2021-10-19 16:23:49.398] [exthost] [info] ExtensionService#loadCommonJSModule file:///home/christian/.vscode/extensions/ms-vscode.cpptools-1.7.0/dist/main
[2021-10-19 16:23:49.517] [exthost] [info] ExtensionService#_doActivateExtension vscode.debug-auto-launch, startup: true, activationEvent: '*'
[2021-10-19 16:23:49.517] [exthost] [info] ExtensionService#loadCommonJSModule file:///snap/code/77/usr/share/code/resources/app/extensions/debug-auto-launch/dist/extension
[2021-10-19 16:23:49.519] [exthost] [info] ExtensionService#_doActivateExtension vscode.git, startup: true, activationEvent: '*', root cause: vscode.github
[2021-10-19 16:23:49.519] [exthost] [info] ExtensionService#loadCommonJSModule file:///snap/code/77/usr/share/code/resources/app/extensions/git/dist/main
[2021-10-19 16:23:49.532] [exthost] [info] ExtensionService#_doActivateExtension vscodevim.vim, startup: true, activationEvent: '*'
[2021-10-19 16:23:49.532] [exthost] [info] ExtensionService#loadCommonJSModule file:///home/christian/.vscode/extensions/vscodevim.vim-1.21.9/out/extension
[2021-10-19 16:23:49.565] [exthost] [info] ExtensionService#_doActivateExtension ms-vscode.cmake-tools, startup: true, activationEvent: 'workspaceContains:CMakeLists.txt'
[2021-10-19 16:23:49.566] [exthost] [info] ExtensionService#loadCommonJSModule file:///home/christian/.vscode/extensions/ms-vscode.cmake-tools-1.9.0/dist/main
[2021-10-19 16:23:50.049] [exthost] [info] ExtensionService#_doActivateExtension vscode.github, startup: true, activationEvent: '*'
[2021-10-19 16:23:50.049] [exthost] [info] ExtensionService#loadCommonJSModule file:///snap/code/77/usr/share/code/resources/app/extensions/github/dist/extension.js
[2021-10-19 16:23:50.374] [exthost] [info] ExtensionService#_doActivateExtension ms-vscode.js-debug, startup: false, activationEvent: 'onCommand:extension.js-debug.clearAutoAttachVariables'
[2021-10-19 16:23:50.374] [exthost] [info] ExtensionService#loadCommonJSModule file:///snap/code/77/usr/share/code/resources/app/extensions/ms-vscode.js-debug/src/extension.js
[2021-10-19 16:23:50.559] [exthost] [info] ExtensionService#_doActivateExtension vscode.configuration-editing, startup: false, activationEvent: 'onLanguage:json'
[2021-10-19 16:23:50.559] [exthost] [info] ExtensionService#loadCommonJSModule file:///snap/code/77/usr/share/code/resources/app/extensions/configuration-editing/dist/configurationEditingMain
[2021-10-19 16:23:50.563] [exthost] [info] ExtensionService#_doActivateExtension vscode.extension-editing, startup: false, activationEvent: 'onLanguage:json'
[2021-10-19 16:23:50.563] [exthost] [info] ExtensionService#loadCommonJSModule file:///snap/code/77/usr/share/code/resources/app/extensions/extension-editing/dist/extensionEditingMain
[2021-10-19 16:23:50.568] [exthost] [info] ExtensionService#_doActivateExtension vscode.json-language-features, startup: false, activationEvent: 'onLanguage:json'
[2021-10-19 16:23:50.568] [exthost] [info] ExtensionService#loadCommonJSModule file:///snap/code/77/usr/share/code/resources/app/extensions/json-language-features/client/dist/node/jsonClientMain
[2021-10-19 16:23:50.590] [exthost] [info] ExtensionService#_doActivateExtension vscode.npm, startup: false, activationEvent: 'onLanguage:json'
[2021-10-19 16:23:50.590] [exthost] [info] ExtensionService#loadCommonJSModule file:///snap/code/77/usr/share/code/resources/app/extensions/npm/dist/npmMain
[2021-10-19 16:23:50.638] [exthost] [info] eager extensions activated
[2021-10-19 16:23:50.660] [exthost] [info] ExtensionService#_doActivateExtension vscode.typescript-language-features, startup: false, activationEvent: 'onLanguage:jsonc'
[2021-10-19 16:23:50.660] [exthost] [info] ExtensionService#loadCommonJSModule file:///snap/code/77/usr/share/code/resources/app/extensions/typescript-language-features/dist/extension
[2021-10-19 16:23:50.741] [exthost] [info] ExtensionService#_doActivateExtension vscode.emmet, startup: false, activationEvent: 'onStartupFinished'
[2021-10-19 16:23:50.741] [exthost] [info] ExtensionService#loadCommonJSModule file:///snap/code/77/usr/share/code/resources/app/extensions/emmet/dist/node/emmetNodeMain
[2021-10-19 16:23:50.748] [exthost] [info] ExtensionService#_doActivateExtension vscode.merge-conflict, startup: false, activationEvent: 'onStartupFinished'
[2021-10-19 16:23:50.749] [exthost] [info] ExtensionService#loadCommonJSModule file:///snap/code/77/usr/share/code/resources/app/extensions/merge-conflict/dist/mergeConflictMain
[2021-10-19 16:23:50.750] [exthost] [info] ExtensionService#_doActivateExtension vscode.github-authentication, startup: false, activationEvent: 'onAuthenticationRequest:github'
[2021-10-19 16:23:50.750] [exthost] [info] ExtensionService#loadCommonJSModule file:///snap/code/77/usr/share/code/resources/app/extensions/github-authentication/dist/extension.js
[2021-10-19 16:34:50.243] [exthost] [info] extension host terminating: renderer closed the socket
[2021-10-19 16:34:50.269] [exthost] [error] Error: ENOENT: no such file or directory, open '/home/christian/.config/Code/User/globalStorage/vscodevim.vim/.registers'
[2021-10-19 16:34:51.263] [exthost] [info] exiting with code 0
