[variant] Loaded new set of variants
[kit] Successfully loaded 1 kits from /home/christian/.local/share/CMakeTools/cmake-tools-kits.json
[proc] Executing command: /usr/bin/c89-gcc -v
[proc] Executing command: /usr/bin/c99-gcc -v
[proc] Executing command: /usr/bin/gcc -v
[proc] Executing command: /usr/bin/gcc-9 -v
[proc] Executing command: /usr/bin/x86_64-linux-gnu-gcc -v
[proc] Executing command: /usr/bin/x86_64-linux-gnu-gcc-9 -v
[proc] Executing command: /bin/c89-gcc -v
[proc] Executing command: /bin/c99-gcc -v
[proc] Executing command: /bin/gcc -v
[proc] Executing command: /bin/gcc-9 -v
[proc] Executing command: /bin/x86_64-linux-gnu-gcc -v
[proc] Executing command: /bin/x86_64-linux-gnu-gcc-9 -v
[kit] Found Kit: GCC 9.3.0 x86_64-linux-gnu
[kit] Found Kit: GCC 9.3.0 x86_64-linux-gnu
[kit] Found Kit: GCC 9.3.0 x86_64-linux-gnu
[kit] Found Kit: GCC 9.3.0 x86_64-linux-gnu
[kit] Found Kit: GCC 9.3.0 x86_64-linux-gnu
[kit] Found Kit: GCC 9.3.0 x86_64-linux-gnu
[kit] Found Kit: GCC 9.3.0 x86_64-linux-gnu
[kit] Found Kit: GCC 9.3.0 x86_64-linux-gnu
[kit] Found Kit: GCC 9.3.0 x86_64-linux-gnu
[kit] Found Kit: GCC 9.3.0 x86_64-linux-gnu
[kit] Found Kit: GCC 9.3.0 x86_64-linux-gnu
[kit] Found Kit: GCC 9.3.0 x86_64-linux-gnu
[kit] Successfully loaded 1 kits from /home/christian/.local/share/CMakeTools/cmake-tools-kits.json
[proc] Executing command: /bin/x86_64-linux-gnu-gcc-9 -v
[proc] Executing command: /usr/bin/cmake -H/home/christian/Desktop/Bachelor-Arbeit -B/home/christian/Desktop/Bachelor-Arbeit/build -G "Unix Makefiles"
[cmakefileapi-driver] This version of CMake does not support the "toolchains" object kind. Compiler paths will be determined by reading CMakeCache.txt.
[main] Configuring folder: Bachelor-Arbeit 
[proc] Executing command: /usr/bin/cmake --no-warn-unused-cli -DCMAKE_EXPORT_COMPILE_COMMANDS:BOOL=TRUE -DCMAKE_BUILD_TYPE:STRING=Debug -DCMAKE_C_COMPILER:FILEPATH=/bin/x86_64-linux-gnu-gcc-9 -DCMAKE_CXX_COMPILER:FILEPATH=/bin/x86_64-linux-gnu-g++-9 -H/home/christian/Desktop/Bachelor-Arbeit -B/home/christian/Desktop/Bachelor-Arbeit/build -G "Unix Makefiles"
[cmake] Not searching for unused variables given on the command line.
[cmake] -- Performing Test COMPILER_SUPPORT_std=cpp03
[cmake] -- Performing Test COMPILER_SUPPORT_std=cpp03 - Success
[cmake] -- Standard libraries to link to explicitly: none
[cmake] -- Found unsuitable Qt version "" from NOTFOUND
[cmake] -- Could NOT find CHOLMOD (missing: CHOLMOD_INCLUDES CHOLMOD_LIBRARIES) 
[cmake] -- Could NOT find UMFPACK (missing: UMFPACK_INCLUDES UMFPACK_LIBRARIES) 
[cmake] -- Could NOT find KLU (missing: KLU_INCLUDES KLU_LIBRARIES) 
[cmake] -- Could NOT find SuperLU (missing: SUPERLU_INCLUDES SUPERLU_LIBRARIES SUPERLU_VERSION_OK) (Required is at least version "4.0")
[cmake] -- Checking for one of the modules 'hwloc'
[cmake] -- A version of Pastix has been found but pastix_nompi.h does not exist in the include directory. Because Eigen tests require a version without MPI, we disable the Pastix backend.
[cmake] -- Could NOT find SPQR (missing: SPQR_INCLUDES SPQR_LIBRARIES) 
[cmake] -- Found unsuitable Qt version "" from NOTFOUND
[cmake] -- Could NOT find Boost (missing: Boost_INCLUDE_DIR) (Required is at least version "1.53.0")
[cmake] -- Could NOT find GoogleHash (missing: GOOGLEHASH_INCLUDES GOOGLEHASH_COMPILE) 
[cmake] -- Could NOT find Adolc (missing: ADOLC_INCLUDES ADOLC_LIBRARIES) 
[cmake] -- Could NOT find MPFR (missing: MPFR_INCLUDES MPFR_LIBRARIES MPFR_VERSION_OK) (Required is at least version "1.0.0")
[cmake] -- Could NOT find FFTW (missing: FFTW_INCLUDES FFTW_LIBRARIES) 
[cmake] CUDA_TOOLKIT_ROOT_DIR not found or specified
[cmake] -- Could NOT find CUDA (missing: CUDA_TOOLKIT_ROOT_DIR CUDA_NVCC_EXECUTABLE CUDA_INCLUDE_DIRS CUDA_CUDART_LIBRARY) (Required is at least version "7.0")
[cmake] -- Found unsuitable Qt version "" from NOTFOUND
[cmake] -- Qt4 not found, so disabling the mandelbrot and opengl demos
[cmake] -- Could NOT find CHOLMOD (missing: CHOLMOD_INCLUDES CHOLMOD_LIBRARIES) 
[cmake] -- Could NOT find UMFPACK (missing: UMFPACK_INCLUDES UMFPACK_LIBRARIES) 
[cmake] -- Could NOT find KLU (missing: KLU_INCLUDES KLU_LIBRARIES) 
[cmake] -- Could NOT find SuperLU (missing: SUPERLU_INCLUDES SUPERLU_LIBRARIES SUPERLU_VERSION_OK) (Required is at least version "4.0")
[cmake] -- Checking for one of the modules 'hwloc'
[cmake] -- A version of Pastix has been found but pastix_nompi.h does not exist in the include directory. Because Eigen tests require a version without MPI, we disable the Pastix backend.
[cmake] -- ************************************************************
[cmake] -- ***    Eigen's unit tests configuration summary          ***
[cmake] -- ************************************************************
[cmake] -- 
[cmake] -- Build type:        Debug
[cmake] -- Build site:        christian-desktop
[cmake] -- Build string:      linux-5.11.0-38-generic-_-9.3.0-sse2-64bit
[cmake] -- Enabled backends:  
[cmake] -- Disabled backends: CHOLMOD,  UMFPACK,  KLU,  SuperLU,  PaStiX,  METIS,  SPQR,  Qt4 support,  Boost.Multiprecision,  GoogleHash,  Adolc,  MPFR C++,  fftw,  OpenGL, 
[cmake] -- Default order:     Column-major
[cmake] -- Maximal matrix/vector size: 320
[cmake] -- SSE2:              Using architecture defaults
[cmake] -- SSE3:              Using architecture defaults
[cmake] -- SSSE3:             Using architecture defaults
[cmake] -- SSE4.1:            Using architecture defaults
[cmake] -- SSE4.2:            Using architecture defaults
[cmake] -- AVX:               Using architecture defaults
[cmake] -- AVX2:              Using architecture defaults
[cmake] -- FMA:               Using architecture defaults
[cmake] -- AVX512:            Using architecture defaults
[cmake] -- AVX512DQ:          Using architecture defaults
[cmake] -- Altivec:           Using architecture defaults
[cmake] -- VSX:               Using architecture defaults
[cmake] -- MIPS MSA:          Using architecture defaults
[cmake] -- ARM NEON:          Using architecture defaults
[cmake] -- ARMv8 NEON:        Using architecture defaults
[cmake] -- S390X ZVECTOR:     Using architecture defaults
[cmake] -- C++11:             OFF
[cmake] -- SYCL:              OFF
[cmake] -- CUDA:              OFF
[cmake] -- HIP:               OFF
[cmake] -- 
[cmake] CXX:               /usr/bin/c++
[cmake]  CXX_VERSION:       c++ (Ubuntu 9.3.0-17ubuntu1~20.04) 9.3.0
[cmake]  CXX_FLAGS:          -std=c++03 -pedantic -Wall -Wextra -Wundef -Wcast-align -Wchar-subscripts -Wnon-virtual-dtor -Wunused-local-typedefs -Wpointer-arith -Wwrite-strings -Wformat-security -Wlogical-op -Wdouble-promotion -Wshadow -Wno-psabi -Wno-variadic-macros -Wno-long-long -fno-check-new -fno-common -fstrict-aliasing -ansi
[cmake]  Sparse lib flags:   
[cmake] 
[cmake] -- ************************************************************
[cmake] -- 
[cmake] -- Configured Eigen 3.4.0
[cmake] -- 
[cmake] -- Available targets (use: make TARGET):
[cmake] -- ---------+--------------------------------------------------------------
[cmake] -- Target   |   Description
[cmake] -- ---------+--------------------------------------------------------------
[cmake] -- install  | Install Eigen. Headers will be installed to:
[cmake] --          |     <CMAKE_INSTALL_PREFIX>/<INCLUDE_INSTALL_DIR>
[cmake] --          |   Using the following values:
[cmake] --          |     CMAKE_INSTALL_PREFIX: /usr/local
[cmake] --          |     INCLUDE_INSTALL_DIR:  include/eigen3
[cmake] --          |   Change the install location of Eigen headers using:
[cmake] --          |     cmake . -DCMAKE_INSTALL_PREFIX=yourprefix
[cmake] --          |   Or:
[cmake] --          |     cmake . -DINCLUDE_INSTALL_DIR=yourdir
[cmake] -- doc      | Generate the API documentation, requires Doxygen & LaTeX
[cmake] -- check    | Build and run the unit-tests. Read this page:
[cmake] --          |   http://eigen.tuxfamily.org/index.php?title=Tests
[cmake] -- blas     | Build BLAS library (not the same thing as Eigen)
[cmake] -- uninstall| Remove files installed by the install target
[cmake] -- ---------+--------------------------------------------------------------
[cmake] -- 
[cmake] -- Configuring done
[cmake] You have changed variables that require your cache to be deleted.
[cmake] Configure will be re-run and you may have to reset some variables.
[cmake] The following variables have changed:
[cmake] CMAKE_CXX_COMPILER= /bin/x86_64-linux-gnu-g++-9
[cmake] CMAKE_C_COMPILER= /bin/x86_64-linux-gnu-gcc-9
[cmake] CMAKE_CXX_COMPILER= /bin/x86_64-linux-gnu-g++-9
[cmake] CMAKE_C_COMPILER= /bin/x86_64-linux-gnu-gcc-9
[cmake] CMAKE_CXX_COMPILER= /bin/x86_64-linux-gnu-g++-9
[cmake] CMAKE_C_COMPILER= /bin/x86_64-linux-gnu-gcc-9
[cmake] CMAKE_CXX_COMPILER= /bin/x86_64-linux-gnu-g++-9
[cmake] CMAKE_CXX_COMPILER= /bin/x86_64-linux-gnu-g++-9
[cmake] CMAKE_CXX_COMPILER= /bin/x86_64-linux-gnu-g++-9
[cmake] CMAKE_C_COMPILER= /bin/x86_64-linux-gnu-gcc-9
[cmake] CMAKE_CXX_COMPILER= /bin/x86_64-linux-gnu-g++-9
[cmake] 
[cmake] -- The CXX compiler identification is GNU 9.3.0
[cmake] -- Check for working CXX compiler: /bin/x86_64-linux-gnu-g++-9
[cmake] -- Check for working CXX compiler: /bin/x86_64-linux-gnu-g++-9 -- works
[cmake] -- Detecting CXX compiler ABI info
[cmake] -- Detecting CXX compiler ABI info - done
[cmake] -- Detecting CXX compile features
[cmake] -- Detecting CXX compile features - done
[cmake] -- The C compiler identification is GNU 9.3.0
[cmake] -- Check for working C compiler: /bin/x86_64-linux-gnu-gcc-9
[cmake] -- Check for working C compiler: /bin/x86_64-linux-gnu-gcc-9 -- works
[cmake] -- Detecting C compiler ABI info
[cmake] -- Detecting C compiler ABI info - done
[cmake] -- Detecting C compile features
[cmake] -- Detecting C compile features - done
[cmake] -- Performing Test EIGEN_COMPILER_SUPPORT_CPP11
[cmake] -- Performing Test EIGEN_COMPILER_SUPPORT_CPP11 - Success
[cmake] -- Performing Test COMPILER_SUPPORT_std=cpp03
[cmake] -- Performing Test COMPILER_SUPPORT_std=cpp03 - Success
[cmake] -- Performing Test standard_math_library_linked_to_automatically
[cmake] -- Performing Test standard_math_library_linked_to_automatically - Success
[cmake] -- Standard libraries to link to explicitly: none
[cmake] -- Performing Test COMPILER_SUPPORT_WERROR
[cmake] -- Performing Test COMPILER_SUPPORT_WERROR - Success
[cmake] -- Performing Test COMPILER_SUPPORT_pedantic
[cmake] -- Performing Test COMPILER_SUPPORT_pedantic - Success
[cmake] -- Performing Test COMPILER_SUPPORT_Wall
[cmake] -- Performing Test COMPILER_SUPPORT_Wall - Success
[cmake] -- Performing Test COMPILER_SUPPORT_Wextra
[cmake] -- Performing Test COMPILER_SUPPORT_Wextra - Success
[cmake] -- Performing Test COMPILER_SUPPORT_Wundef
[cmake] -- Performing Test COMPILER_SUPPORT_Wundef - Success
[cmake] -- Performing Test COMPILER_SUPPORT_Wcastalign
[cmake] -- Performing Test COMPILER_SUPPORT_Wcastalign - Success
[cmake] -- Performing Test COMPILER_SUPPORT_Wcharsubscripts
[cmake] -- Performing Test COMPILER_SUPPORT_Wcharsubscripts - Success
[cmake] -- Performing Test COMPILER_SUPPORT_Wnonvirtualdtor
[cmake] -- Performing Test COMPILER_SUPPORT_Wnonvirtualdtor - Success
[cmake] -- Performing Test COMPILER_SUPPORT_Wunusedlocaltypedefs
[cmake] -- Performing Test COMPILER_SUPPORT_Wunusedlocaltypedefs - Success
[cmake] -- Performing Test COMPILER_SUPPORT_Wpointerarith
[cmake] -- Performing Test COMPILER_SUPPORT_Wpointerarith - Success
[cmake] -- Performing Test COMPILER_SUPPORT_Wwritestrings
[cmake] -- Performing Test COMPILER_SUPPORT_Wwritestrings - Success
[cmake] -- Performing Test COMPILER_SUPPORT_Wformatsecurity
[cmake] -- Performing Test COMPILER_SUPPORT_Wformatsecurity - Success
[cmake] -- Performing Test COMPILER_SUPPORT_Wshorten64to32
[cmake] -- Performing Test COMPILER_SUPPORT_Wshorten64to32 - Failed
[cmake] -- Performing Test COMPILER_SUPPORT_Wlogicalop
[cmake] -- Performing Test COMPILER_SUPPORT_Wlogicalop - Success
[cmake] -- Performing Test COMPILER_SUPPORT_Wenumconversion
[cmake] -- Performing Test COMPILER_SUPPORT_Wenumconversion - Failed
[cmake] -- Performing Test COMPILER_SUPPORT_Wcpp11extensions
[cmake] -- Performing Test COMPILER_SUPPORT_Wcpp11extensions - Failed
[cmake] -- Performing Test COMPILER_SUPPORT_Wdoublepromotion
[cmake] -- Performing Test COMPILER_SUPPORT_Wdoublepromotion - Success
[cmake] -- Performing Test COMPILER_SUPPORT_Wshadow
[cmake] -- Performing Test COMPILER_SUPPORT_Wshadow - Success
[cmake] -- Performing Test COMPILER_SUPPORT_Wnopsabi
[cmake] -- Performing Test COMPILER_SUPPORT_Wnopsabi - Success
[cmake] -- Performing Test COMPILER_SUPPORT_Wnovariadicmacros
[cmake] -- Performing Test COMPILER_SUPPORT_Wnovariadicmacros - Success
[cmake] -- Performing Test COMPILER_SUPPORT_Wnolonglong
[cmake] -- Performing Test COMPILER_SUPPORT_Wnolonglong - Success
[cmake] -- Performing Test COMPILER_SUPPORT_fnochecknew
[cmake] -- Performing Test COMPILER_SUPPORT_fnochecknew - Success
[cmake] -- Performing Test COMPILER_SUPPORT_fnocommon
[cmake] -- Performing Test COMPILER_SUPPORT_fnocommon - Success
[cmake] -- Performing Test COMPILER_SUPPORT_fstrictaliasing
[cmake] -- Performing Test COMPILER_SUPPORT_fstrictaliasing - Success
[cmake] -- Performing Test COMPILER_SUPPORT_wd981
[cmake] -- Performing Test COMPILER_SUPPORT_wd981 - Failed
[cmake] -- Performing Test COMPILER_SUPPORT_wd2304
[cmake] -- Performing Test COMPILER_SUPPORT_wd2304 - Failed
[cmake] -- Performing Test COMPILER_SUPPORT_STRICTANSI
[cmake] -- Performing Test COMPILER_SUPPORT_STRICTANSI - Failed
[cmake] -- Performing Test COMPILER_SUPPORT_Qunusedarguments
[cmake] -- Performing Test COMPILER_SUPPORT_Qunusedarguments - Failed
[cmake] -- Performing Test COMPILER_SUPPORT_ansi
[cmake] -- Performing Test COMPILER_SUPPORT_ansi - Success
[cmake] -- Performing Test COMPILER_SUPPORT_OPENMP
[cmake] -- Performing Test COMPILER_SUPPORT_OPENMP - Success
[cmake] -- Found unsuitable Qt version "" from NOTFOUND
[cmake] -- Looking for a Fortran compiler
[cmake] -- Looking for a Fortran compiler - NOTFOUND
[cmake] -- Could NOT find CHOLMOD (missing: CHOLMOD_INCLUDES CHOLMOD_LIBRARIES) 
[cmake] -- Could NOT find UMFPACK (missing: UMFPACK_INCLUDES UMFPACK_LIBRARIES) 
[cmake] -- Could NOT find KLU (missing: KLU_INCLUDES KLU_LIBRARIES) 
[cmake] -- Could NOT find SuperLU (missing: SUPERLU_INCLUDES SUPERLU_LIBRARIES SUPERLU_VERSION_OK) (Required is at least version "4.0")
[cmake] -- Checking for one of the modules 'hwloc'
[cmake] -- A version of Pastix has been found but pastix_nompi.h does not exist in the include directory. Because Eigen tests require a version without MPI, we disable the Pastix backend.
[cmake] -- Could NOT find SPQR (missing: SPQR_INCLUDES SPQR_LIBRARIES) 
[cmake] -- Found unsuitable Qt version "" from NOTFOUND
[cmake] -- Performing Test COMPILER_SUPPORT_FASTMATH
[cmake] -- Performing Test COMPILER_SUPPORT_FASTMATH - Success
[cmake] -- Could NOT find Boost (missing: Boost_INCLUDE_DIR) (Required is at least version "1.53.0")
[cmake] -- Found Threads: TRUE  
[cmake] -- Could NOT find GoogleHash (missing: GOOGLEHASH_INCLUDES GOOGLEHASH_COMPILE) 
[cmake] -- Could NOT find Adolc (missing: ADOLC_INCLUDES ADOLC_LIBRARIES) 
[cmake] -- Could NOT find MPFR (missing: MPFR_INCLUDES MPFR_LIBRARIES MPFR_VERSION_OK) (Required is at least version "1.0.0")
[cmake] -- Found PkgConfig: /usr/bin/pkg-config (found version "0.29.1") 
[cmake] -- Could NOT find FFTW (missing: FFTW_INCLUDES FFTW_LIBRARIES) 
[cmake] CUDA_TOOLKIT_ROOT_DIR not found or specified
[cmake] -- Could NOT find CUDA (missing: CUDA_TOOLKIT_ROOT_DIR CUDA_NVCC_EXECUTABLE CUDA_INCLUDE_DIRS CUDA_CUDART_LIBRARY) (Required is at least version "7.0")
[cmake] -- Found unsuitable Qt version "" from NOTFOUND
[cmake] -- Qt4 not found, so disabling the mandelbrot and opengl demos
[cmake] -- Could NOT find CHOLMOD (missing: CHOLMOD_INCLUDES CHOLMOD_LIBRARIES) 
[cmake] -- Could NOT find UMFPACK (missing: UMFPACK_INCLUDES UMFPACK_LIBRARIES) 
[cmake] -- Could NOT find KLU (missing: KLU_INCLUDES KLU_LIBRARIES) 
[cmake] -- Could NOT find SuperLU (missing: SUPERLU_INCLUDES SUPERLU_LIBRARIES SUPERLU_VERSION_OK) (Required is at least version "4.0")
[cmake] -- Checking for one of the modules 'hwloc'
[cmake] -- A version of Pastix has been found but pastix_nompi.h does not exist in the include directory. Because Eigen tests require a version without MPI, we disable the Pastix backend.
[cmake] -- ************************************************************
[cmake] -- ***    Eigen's unit tests configuration summary          ***
[cmake] -- ************************************************************
[cmake] -- 
[cmake] -- Build type:        Release
[cmake] -- Build site:        christian-desktop
[cmake] -- Build string:      linux-5.11.0-38-generic-g++-9.3.0-sse2-64bit
[cmake] -- Enabled backends:  
[cmake] -- Disabled backends: CHOLMOD,  UMFPACK,  KLU,  SuperLU,  PaStiX,  METIS,  SPQR,  Qt4 support,  Boost.Multiprecision,  GoogleHash,  Adolc,  MPFR C++,  fftw,  OpenGL, 
[cmake] -- Default order:     Column-major
[cmake] -- Maximal matrix/vector size: 320
[cmake] -- SSE2:              Using architecture defaults
[cmake] -- SSE3:              Using architecture defaults
[cmake] -- SSSE3:             Using architecture defaults
[cmake] -- SSE4.1:            Using architecture defaults
[cmake] -- SSE4.2:            Using architecture defaults
[cmake] -- AVX:               Using architecture defaults
[cmake] -- AVX2:              Using architecture defaults
[cmake] -- FMA:               Using architecture defaults
[cmake] -- AVX512:            Using architecture defaults
[cmake] -- AVX512DQ:          Using architecture defaults
[cmake] -- Altivec:           Using architecture defaults
[cmake] -- VSX:               Using architecture defaults
[cmake] -- MIPS MSA:          Using architecture defaults
[cmake] -- ARM NEON:          Using architecture defaults
[cmake] -- ARMv8 NEON:        Using architecture defaults
[cmake] -- S390X ZVECTOR:     Using architecture defaults
[cmake] -- C++11:             OFF
[cmake] -- SYCL:              OFF
[cmake] -- CUDA:              OFF
[cmake] -- HIP:               OFF
[cmake] -- 
[cmake] CXX:               /bin/x86_64-linux-gnu-g++-9
[cmake]  CXX_VERSION:       x86_64-linux-gnu-g++-9 (Ubuntu 9.3.0-17ubuntu1~20.04) 9.3.0
[cmake]  CXX_FLAGS:          -std=c++03 -pedantic -Wall -Wextra -Wundef -Wcast-align -Wchar-subscripts -Wnon-virtual-dtor -Wunused-local-typedefs -Wpointer-arith -Wwrite-strings -Wformat-security -Wlogical-op -Wdouble-promotion -Wshadow -Wno-psabi -Wno-variadic-macros -Wno-long-long -fno-check-new -fno-common -fstrict-aliasing -ansi
[cmake]  Sparse lib flags:   
[cmake] 
[cmake] -- ************************************************************
[cmake] -- 
[cmake] -- Configured Eigen 3.4.0
[cmake] -- 
[cmake] -- Available targets (use: make TARGET):
[cmake] -- ---------+--------------------------------------------------------------
[cmake] -- Target   |   Description
[cmake] -- ---------+--------------------------------------------------------------
[cmake] -- install  | Install Eigen. Headers will be installed to:
[cmake] --          |     <CMAKE_INSTALL_PREFIX>/<INCLUDE_INSTALL_DIR>
[cmake] --          |   Using the following values:
[cmake] --          |     CMAKE_INSTALL_PREFIX: /usr/local
[cmake] --          |     INCLUDE_INSTALL_DIR:  include/eigen3
[cmake] --          |   Change the install location of Eigen headers using:
[cmake] --          |     cmake . -DCMAKE_INSTALL_PREFIX=yourprefix
[cmake] --          |   Or:
[cmake] --          |     cmake . -DINCLUDE_INSTALL_DIR=yourdir
[cmake] -- doc      | Generate the API documentation, requires Doxygen & LaTeX
[cmake] -- check    | Build and run the unit-tests. Read this page:
[cmake] --          |   http://eigen.tuxfamily.org/index.php?title=Tests
[cmake] -- blas     | Build BLAS library (not the same thing as Eigen)
[cmake] -- uninstall| Remove files installed by the install target
[cmake] -- ---------+--------------------------------------------------------------
[cmake] -- 
[cmake] -- Configuring done
[cmake] -- Generating done
[cmake] -- Build files have been written to: /home/christian/Desktop/Bachelor-Arbeit/build
[main] Failed to prepare executable target with name 'ccc'
[main] Failed to prepare executable target with name 'ccc'
[main] Failed to prepare executable target with name 'ccc'
[main] Building folder: Bachelor-Arbeit 
[build] Starting build
[proc] Executing command: /usr/bin/cmake --build /home/christian/Desktop/Bachelor-Arbeit/build --config Debug --target all -j 10 --
[build] [  0%] Building CXX object 3rd-party/FractionCPP-master/CMakeFiles/fraction.dir/fraction.cpp.o
[build] [  0%] Linking CXX static library libfraction.a
[build] [  0%] Built target fraction
[build] Scanning dependencies of target ccc
[build] [  0%] Building CXX object CMakeFiles/ccc.dir/src/Disable.cpp.o
[build] [  0%] Building CXX object CMakeFiles/ccc.dir/src/Binary.cpp.o
[build] [  0%] Building CXX object CMakeFiles/ccc.dir/src/Delay.cpp.o
[build] [  0%] Building CXX object CMakeFiles/ccc.dir/src/AST.cpp.o
[build] [  0%] Building CXX object CMakeFiles/ccc.dir/src/Main.cpp.o
[build] [  0%] Building CXX object CMakeFiles/ccc.dir/src/Termination.cpp.o
[build] [  0%] Building CXX object CMakeFiles/ccc.dir/src/World.cpp.o
[build] [  0%] Building CXX object CMakeFiles/ccc.dir/src/MatrixInitializer.cpp.o
[build] [100%] Linking CXX executable ccc
[build] [100%] Built target ccc
[build] Build finished with exit code 0
[main] Failed to prepare executable target with name 'undefined'
