Validating found git in: git
Using git 2.25.1 from git
> git rev-parse --git-dir
Open repository: /home/christian/Desktop/Bachelor-Arbeit
> git status -z -u
> git symbolic-ref --short HEAD
> git for-each-ref --format=%(refname)%00%(upstream:short)%00%(objectname)%00%(upstream:track) refs/heads/master refs/remotes/master
> git for-each-ref --sort -committerdate --format %(refname) %(objectname) %(*objectname)
> git remote --verbose
> git config --get commit.template
> git show --textconv :src/Main.cpp
> git ls-files --stage -- /home/christian/Desktop/Bachelor-Arbeit/src/Main.cpp
> git cat-file -s 066f48d96986a015bb76df680540d9c88e74b966
> git check-ignore -v -z --stdin
> git status -z -u
> git symbolic-ref --short HEAD
> git ls-files --stage -- /home/christian/Desktop/Bachelor-Arbeit/src/Main.cpp
> git for-each-ref --format=%(refname)%00%(upstream:short)%00%(objectname)%00%(upstream:track) refs/heads/master refs/remotes/master
> git cat-file -s 066f48d96986a015bb76df680540d9c88e74b966
> git for-each-ref --sort -committerdate --format %(refname) %(objectname) %(*objectname)
> git remote --verbose
> git show --textconv :src/Main.cpp
> git config --get commit.template
> git status -z -u
> git symbolic-ref --short HEAD
> git for-each-ref --format=%(refname)%00%(upstream:short)%00%(objectname)%00%(upstream:track) refs/heads/master refs/remotes/master
> git for-each-ref --sort -committerdate --format %(refname) %(objectname) %(*objectname)
> git remote --verbose
> git config --get commit.template
> git status -z -u
> git symbolic-ref --short HEAD
> git for-each-ref --format=%(refname)%00%(upstream:short)%00%(objectname)%00%(upstream:track) refs/heads/master refs/remotes/master
> git ls-files --stage -- /home/christian/Desktop/Bachelor-Arbeit/src/Main.cpp
> git for-each-ref --sort -committerdate --format %(refname) %(objectname) %(*objectname)
> git remote --verbose
> git cat-file -s 066f48d96986a015bb76df680540d9c88e74b966
> git config --get commit.template
> git show --textconv :src/Main.cpp
> git check-ignore -v -z --stdin
> git show --textconv :include/ccc/FractionMatrix.hpp
> git ls-files --stage -- /home/christian/Desktop/Bachelor-Arbeit/include/ccc/FractionMatrix.hpp
> git check-ignore -v -z --stdin
> git status -z -u
> git symbolic-ref --short HEAD
> git for-each-ref --format=%(refname)%00%(upstream:short)%00%(objectname)%00%(upstream:track) refs/heads/master refs/remotes/master
> git for-each-ref --sort -committerdate --format %(refname) %(objectname) %(*objectname)
> git remote --verbose
> git config --get commit.template
> git show --textconv :CMakeLists.txt
> git ls-files --stage -- /home/christian/Desktop/Bachelor-Arbeit/CMakeLists.txt
> git cat-file -s 25a4f90e9d001792470c6817cb476c31745f310a
> git status -z -u
> git symbolic-ref --short HEAD
> git for-each-ref --format=%(refname)%00%(upstream:short)%00%(objectname)%00%(upstream:track) refs/heads/master refs/remotes/master
> git for-each-ref --sort -committerdate --format %(refname) %(objectname) %(*objectname)
> git remote --verbose
> git config --get commit.template
> git show --textconv :include/ccc/FractionMatrix.hpp
> git ls-files --stage -- /home/christian/Desktop/Bachelor-Arbeit/include/ccc/FractionMatrix.hpp
> git status -z -u
> git symbolic-ref --short HEAD
> git for-each-ref --format=%(refname)%00%(upstream:short)%00%(objectname)%00%(upstream:track) refs/heads/master refs/remotes/master
> git for-each-ref --sort -committerdate --format %(refname) %(objectname) %(*objectname)
> git remote --verbose
> git config --get commit.template
> git show --textconv :CMakeLists.txt
> git ls-files --stage -- /home/christian/Desktop/Bachelor-Arbeit/CMakeLists.txt
> git cat-file -s 25a4f90e9d001792470c6817cb476c31745f310a
> git log --format=%H%n%aN%n%aE%n%at%n%ct%n%P%n%B -z -n21 -- /home/christian/Desktop/Bachelor-Arbeit/include/ccc/MatrixHelper.hpp
> git show --textconv :include/ccc/MatrixHelper.hpp
> git ls-files --stage -- /home/christian/Desktop/Bachelor-Arbeit/include/ccc/MatrixHelper.hpp
> git cat-file -s eb00fd9e1659b8e83f963756a36f597d10314be4
> git log --format=%H%n%aN%n%aE%n%at%n%ct%n%P%n%B -z -n21 -- /home/christian/Desktop/Bachelor-Arbeit/include/ccc/FractionMatrix.hpp
> git show --textconv :include/ccc/FractionMatrix.hpp
> git ls-files --stage -- /home/christian/Desktop/Bachelor-Arbeit/include/ccc/FractionMatrix.hpp
> git show --textconv :CMakeLists.txt
> git ls-files --stage -- /home/christian/Desktop/Bachelor-Arbeit/CMakeLists.txt
> git cat-file -s 25a4f90e9d001792470c6817cb476c31745f310a
> git ls-files --stage -- /home/christian/Desktop/Bachelor-Arbeit/include/ccc/MatrixHelper.hpp
> git ls-files --stage -- /home/christian/Desktop/Bachelor-Arbeit/CMakeLists.txt
> git cat-file -s eb00fd9e1659b8e83f963756a36f597d10314be4
> git cat-file -s 25a4f90e9d001792470c6817cb476c31745f310a
> git show --textconv :include/ccc/MatrixHelper.hpp
> git show --textconv :CMakeLists.txt
> git status -z -u
> git symbolic-ref --short HEAD
> git for-each-ref --format=%(refname)%00%(upstream:short)%00%(objectname)%00%(upstream:track) refs/heads/master refs/remotes/master
> git for-each-ref --sort -committerdate --format %(refname) %(objectname) %(*objectname)
> git remote --verbose
> git config --get commit.template
> git status -z -u
> git symbolic-ref --short HEAD
> git for-each-ref --format=%(refname)%00%(upstream:short)%00%(objectname)%00%(upstream:track) refs/heads/master refs/remotes/master
> git for-each-ref --sort -committerdate --format %(refname) %(objectname) %(*objectname)
> git remote --verbose
> git config --get commit.template
> git status -z -u
> git symbolic-ref --short HEAD
> git for-each-ref --format=%(refname)%00%(upstream:short)%00%(objectname)%00%(upstream:track) refs/heads/master refs/remotes/master
> git for-each-ref --sort -committerdate --format %(refname) %(objectname) %(*objectname)
> git remote --verbose
> git config --get commit.template
> git show --textconv :include/ccc/FractionMatrix.hpp
> git ls-files --stage -- /home/christian/Desktop/Bachelor-Arbeit/include/ccc/FractionMatrix.hpp
> git status -z -u
> git symbolic-ref --short HEAD
> git for-each-ref --format=%(refname)%00%(upstream:short)%00%(objectname)%00%(upstream:track) refs/heads/master refs/remotes/master
> git for-each-ref --sort -committerdate --format %(refname) %(objectname) %(*objectname)
> git remote --verbose
> git config --get commit.template
> git check-ignore -v -z --stdin
> git check-ignore -v -z --stdin
> git show --textconv :3rd-party/FractionCPP-master/fraction.h
> git ls-files --stage -- /home/christian/Desktop/Bachelor-Arbeit/3rd-party/FractionCPP-master/fraction.h
> git show --textconv :include/ccc/FractionMatrix.hpp
> git ls-files --stage -- /home/christian/Desktop/Bachelor-Arbeit/include/ccc/FractionMatrix.hpp
> git show --textconv :3rd-party/FractionCPP-master/fraction.h
> git ls-files --stage -- /home/christian/Desktop/Bachelor-Arbeit/3rd-party/FractionCPP-master/fraction.h
> git show --textconv :include/ccc/FractionMatrix.hpp
> git ls-files --stage -- /home/christian/Desktop/Bachelor-Arbeit/include/ccc/FractionMatrix.hpp
> git status -z -u
> git symbolic-ref --short HEAD
> git for-each-ref --format=%(refname)%00%(upstream:short)%00%(objectname)%00%(upstream:track) refs/heads/master refs/remotes/master
> git for-each-ref --sort -committerdate --format %(refname) %(objectname) %(*objectname)
> git remote --verbose
> git config --get commit.template
> git show --textconv :3rd-party/FractionCPP-master/fraction.h
> git ls-files --stage -- /home/christian/Desktop/Bachelor-Arbeit/3rd-party/FractionCPP-master/fraction.h
> git log --format=%H%n%aN%n%aE%n%at%n%ct%n%P%n%B -z -n21 -- /home/christian/Desktop/Bachelor-Arbeit/3rd-party/FractionCPP-master/fraction.h
> git log --format=%H%n%aN%n%aE%n%at%n%ct%n%P%n%B -z -n41 -- /home/christian/Desktop/Bachelor-Arbeit/3rd-party/FractionCPP-master/fraction.h
> git show --textconv :include/ccc/FractionMatrix.hpp
> git ls-files --stage -- /home/christian/Desktop/Bachelor-Arbeit/include/ccc/FractionMatrix.hpp
> git status -z -u
> git symbolic-ref --short HEAD
> git for-each-ref --format=%(refname)%00%(upstream:short)%00%(objectname)%00%(upstream:track) refs/heads/master refs/remotes/master
> git for-each-ref --sort -committerdate --format %(refname) %(objectname) %(*objectname)
> git remote --verbose
> git config --get commit.template
> git show --textconv :src/Main.cpp
> git ls-files --stage -- /home/christian/Desktop/Bachelor-Arbeit/src/Main.cpp
> git cat-file -s 066f48d96986a015bb76df680540d9c88e74b966
> git log --format=%H%n%aN%n%aE%n%at%n%ct%n%P%n%B -z -n21 -- /home/christian/Desktop/Bachelor-Arbeit/src/Main.cpp
> git log --format=%H%n%aN%n%aE%n%at%n%ct%n%P%n%B -z -n41 -- /home/christian/Desktop/Bachelor-Arbeit/src/Main.cpp
> git show --textconv :include/ccc/FractionMatrix.hpp
> git ls-files --stage -- /home/christian/Desktop/Bachelor-Arbeit/include/ccc/FractionMatrix.hpp
> git status -z -u
> git symbolic-ref --short HEAD
> git for-each-ref --format=%(refname)%00%(upstream:short)%00%(objectname)%00%(upstream:track) refs/heads/master refs/remotes/master
> git for-each-ref --sort -committerdate --format %(refname) %(objectname) %(*objectname)
> git remote --verbose
> git config --get commit.template
> git status -z -u
> git symbolic-ref --short HEAD
> git for-each-ref --format=%(refname)%00%(upstream:short)%00%(objectname)%00%(upstream:track) refs/heads/master refs/remotes/master
> git for-each-ref --sort -committerdate --format %(refname) %(objectname) %(*objectname)
> git remote --verbose
> git config --get commit.template
> git status -z -u
> git symbolic-ref --short HEAD
> git for-each-ref --format=%(refname)%00%(upstream:short)%00%(objectname)%00%(upstream:track) refs/heads/master refs/remotes/master
> git for-each-ref --sort -committerdate --format %(refname) %(objectname) %(*objectname)
> git remote --verbose
> git config --get commit.template
> git status -z -u
> git symbolic-ref --short HEAD
> git for-each-ref --format=%(refname)%00%(upstream:short)%00%(objectname)%00%(upstream:track) refs/heads/master refs/remotes/master
> git for-each-ref --sort -committerdate --format %(refname) %(objectname) %(*objectname)
> git remote --verbose
> git config --get commit.template
> git status -z -u
> git symbolic-ref --short HEAD
> git for-each-ref --format=%(refname)%00%(upstream:short)%00%(objectname)%00%(upstream:track) refs/heads/master refs/remotes/master
> git for-each-ref --sort -committerdate --format %(refname) %(objectname) %(*objectname)
> git remote --verbose
> git config --get commit.template
> git status -z -u
> git symbolic-ref --short HEAD
> git for-each-ref --format=%(refname)%00%(upstream:short)%00%(objectname)%00%(upstream:track) refs/heads/master refs/remotes/master
> git for-each-ref --sort -committerdate --format %(refname) %(objectname) %(*objectname)
> git remote --verbose
> git config --get commit.template
> git status -z -u
> git symbolic-ref --short HEAD
> git for-each-ref --format=%(refname)%00%(upstream:short)%00%(objectname)%00%(upstream:track) refs/heads/master refs/remotes/master
> git for-each-ref --sort -committerdate --format %(refname) %(objectname) %(*objectname)
> git remote --verbose
> git config --get commit.template
> git status -z -u
> git symbolic-ref --short HEAD
> git for-each-ref --format=%(refname)%00%(upstream:short)%00%(objectname)%00%(upstream:track) refs/heads/master refs/remotes/master
> git for-each-ref --sort -committerdate --format %(refname) %(objectname) %(*objectname)
> git remote --verbose
> git config --get commit.template
> git show --textconv :src/Main.cpp
> git ls-files --stage -- /home/christian/Desktop/Bachelor-Arbeit/src/Main.cpp
> git cat-file -s 066f48d96986a015bb76df680540d9c88e74b966
> git status -z -u
> git symbolic-ref --short HEAD
> git for-each-ref --format=%(refname)%00%(upstream:short)%00%(objectname)%00%(upstream:track) refs/heads/master refs/remotes/master
> git for-each-ref --sort -committerdate --format %(refname) %(objectname) %(*objectname)
> git remote --verbose
> git config --get commit.template
> git show --textconv :CMakeLists.txt
> git ls-files --stage -- /home/christian/Desktop/Bachelor-Arbeit/CMakeLists.txt
> git cat-file -s 25a4f90e9d001792470c6817cb476c31745f310a
> git show --textconv :include/ccc/FractionMatrix.hpp
> git ls-files --stage -- /home/christian/Desktop/Bachelor-Arbeit/include/ccc/FractionMatrix.hpp
> git status -z -u
> git symbolic-ref --short HEAD
> git for-each-ref --format=%(refname)%00%(upstream:short)%00%(objectname)%00%(upstream:track) refs/heads/master refs/remotes/master
> git for-each-ref --sort -committerdate --format %(refname) %(objectname) %(*objectname)
> git remote --verbose
> git config --get commit.template
