[2021-10-19 14:07:07.398] [exthost] [info] extension host started
[2021-10-19 14:07:07.398] [exthost] [info] Skipping acquiring lock for /home/christian/.config/Code/User/workspaceStorage/1158196e251158784cab94b47ba3e646.
[2021-10-19 14:07:07.459] [exthost] [info] ExtensionService#_doActivateExtension vscode.microsoft-authentication, startup: false, activationEvent: 'onAuthenticationRequest:microsoft'
[2021-10-19 14:07:07.459] [exthost] [info] ExtensionService#loadCommonJSModule file:///snap/code/77/usr/share/code/resources/app/extensions/microsoft-authentication/dist/extension.js
[2021-10-19 14:07:07.467] [exthost] [info] ExtensionService#_doActivateExtension vscode.debug-auto-launch, startup: true, activationEvent: '*'
[2021-10-19 14:07:07.467] [exthost] [info] ExtensionService#loadCommonJSModule file:///snap/code/77/usr/share/code/resources/app/extensions/debug-auto-launch/dist/extension
[2021-10-19 14:07:07.470] [exthost] [info] ExtensionService#_doActivateExtension vscode.git, startup: true, activationEvent: '*', root cause: vscode.github
[2021-10-19 14:07:07.470] [exthost] [info] ExtensionService#loadCommonJSModule file:///snap/code/77/usr/share/code/resources/app/extensions/git/dist/main
[2021-10-19 14:07:07.484] [exthost] [info] ExtensionService#_doActivateExtension vscodevim.vim, startup: true, activationEvent: '*'
[2021-10-19 14:07:07.484] [exthost] [info] ExtensionService#loadCommonJSModule file:///home/christian/.vscode/extensions/vscodevim.vim-1.21.9/out/extension
[2021-10-19 14:07:07.533] [exthost] [info] ExtensionService#_doActivateExtension ms-vscode.cmake-tools, startup: true, activationEvent: 'workspaceContains:CMakeLists.txt'
[2021-10-19 14:07:07.533] [exthost] [info] ExtensionService#loadCommonJSModule file:///home/christian/.vscode/extensions/ms-vscode.cmake-tools-1.9.0/dist/main
[2021-10-19 14:07:07.863] [exthost] [info] ExtensionService#_doActivateExtension vscode.github, startup: true, activationEvent: '*'
[2021-10-19 14:07:07.864] [exthost] [info] ExtensionService#loadCommonJSModule file:///snap/code/77/usr/share/code/resources/app/extensions/github/dist/extension.js
[2021-10-19 14:07:08.000] [exthost] [info] ExtensionService#_doActivateExtension ms-vscode.js-debug, startup: false, activationEvent: 'onCommand:extension.js-debug.clearAutoAttachVariables'
[2021-10-19 14:07:08.000] [exthost] [info] ExtensionService#loadCommonJSModule file:///snap/code/77/usr/share/code/resources/app/extensions/ms-vscode.js-debug/src/extension.js
[2021-10-19 14:07:08.229] [exthost] [info] ExtensionService#_doActivateExtension vscode.github-authentication, startup: false, activationEvent: 'onAuthenticationRequest:github'
[2021-10-19 14:07:08.229] [exthost] [info] ExtensionService#loadCommonJSModule file:///snap/code/77/usr/share/code/resources/app/extensions/github-authentication/dist/extension.js
[2021-10-19 14:07:08.327] [exthost] [info] eager extensions activated
[2021-10-19 14:07:08.347] [exthost] [info] ExtensionService#_doActivateExtension vscode.emmet, startup: false, activationEvent: 'onStartupFinished'
[2021-10-19 14:07:08.347] [exthost] [info] ExtensionService#loadCommonJSModule file:///snap/code/77/usr/share/code/resources/app/extensions/emmet/dist/node/emmetNodeMain
[2021-10-19 14:07:08.353] [exthost] [info] ExtensionService#_doActivateExtension vscode.merge-conflict, startup: false, activationEvent: 'onStartupFinished'
[2021-10-19 14:07:08.353] [exthost] [info] ExtensionService#loadCommonJSModule file:///snap/code/77/usr/share/code/resources/app/extensions/merge-conflict/dist/mergeConflictMain
[2021-10-19 14:07:23.622] [exthost] [info] ExtensionService#_doActivateExtension ms-vscode.cpptools, startup: false, activationEvent: 'api', root cause: ms-vscode.cmake-tools
[2021-10-19 14:07:23.622] [exthost] [info] ExtensionService#loadCommonJSModule file:///home/christian/.vscode/extensions/ms-vscode.cpptools-1.7.0/dist/main
[2021-10-19 14:07:37.210] [exthost] [info] ExtensionService#_doActivateExtension vscode.configuration-editing, startup: false, activationEvent: 'onLanguage:json'
[2021-10-19 14:07:37.210] [exthost] [info] ExtensionService#loadCommonJSModule file:///snap/code/77/usr/share/code/resources/app/extensions/configuration-editing/dist/configurationEditingMain
[2021-10-19 14:07:37.212] [exthost] [info] ExtensionService#_doActivateExtension vscode.extension-editing, startup: false, activationEvent: 'onLanguage:json'
[2021-10-19 14:07:37.212] [exthost] [info] ExtensionService#loadCommonJSModule file:///snap/code/77/usr/share/code/resources/app/extensions/extension-editing/dist/extensionEditingMain
[2021-10-19 14:07:37.216] [exthost] [info] ExtensionService#_doActivateExtension vscode.json-language-features, startup: false, activationEvent: 'onLanguage:json'
[2021-10-19 14:07:37.216] [exthost] [info] ExtensionService#loadCommonJSModule file:///snap/code/77/usr/share/code/resources/app/extensions/json-language-features/client/dist/node/jsonClientMain
[2021-10-19 14:07:37.232] [exthost] [info] ExtensionService#_doActivateExtension vscode.npm, startup: false, activationEvent: 'onLanguage:json'
[2021-10-19 14:07:37.232] [exthost] [info] ExtensionService#loadCommonJSModule file:///snap/code/77/usr/share/code/resources/app/extensions/npm/dist/npmMain
[2021-10-19 14:21:43.353] [exthost] [info] ExtensionService#_doActivateExtension vscode.markdown-language-features, startup: false, activationEvent: 'onLanguage:markdown'
[2021-10-19 14:21:43.353] [exthost] [info] ExtensionService#loadCommonJSModule file:///snap/code/77/usr/share/code/resources/app/extensions/markdown-language-features/dist/extension
[2021-10-19 14:21:43.686] [exthost] [info] ExtensionService#_doActivateExtension vscode.markdown-math, startup: false, activationEvent: 'api', root cause: vscode.markdown-language-features
[2021-10-19 14:21:43.686] [exthost] [info] ExtensionService#loadCommonJSModule file:///snap/code/77/usr/share/code/resources/app/extensions/markdown-math/dist/extension
[2021-10-19 14:22:29.419] [exthost] [info] ExtensionService#_doActivateExtension twxs.cmake, startup: false, activationEvent: 'onLanguage:cmake'
[2021-10-19 14:22:29.419] [exthost] [info] ExtensionService#loadCommonJSModule file:///home/christian/.vscode/extensions/twxs.cmake-0.0.17/out/extension
[2021-10-19 14:33:27.282] [exthost] [warning] [Decorations] CAPPING events from decorations provider vscode.git 1783
[2021-10-19 14:33:32.394] [exthost] [warning] [Decorations] CAPPING events from decorations provider vscode.git 1783
[2021-10-19 14:37:19.208] [exthost] [warning] [Decorations] CAPPING events from decorations provider vscode.git 1783
[2021-10-19 14:39:38.583] [exthost] [warning] [Decorations] CAPPING events from decorations provider vscode.git 1783
[2021-10-19 14:39:40.643] [exthost] [warning] [Decorations] CAPPING events from decorations provider vscode.git 1783
[2021-10-19 14:39:51.367] [exthost] [warning] [Decorations] CAPPING events from decorations provider vscode.git 1783
[2021-10-19 14:42:45.100] [exthost] [warning] [Decorations] CAPPING events from decorations provider vscode.git 1783
[2021-10-19 14:42:59.915] [exthost] [info] ExtensionService#_doActivateExtension vscode.typescript-language-features, startup: false, activationEvent: 'onLanguage:jsonc'
[2021-10-19 14:42:59.915] [exthost] [info] ExtensionService#loadCommonJSModule file:///snap/code/77/usr/share/code/resources/app/extensions/typescript-language-features/dist/extension
[2021-10-19 15:01:38.345] [exthost] [info] extension host terminating: renderer closed the socket
[2021-10-19 15:01:38.377] [exthost] [error] Error: ENOENT: no such file or directory, open '/home/christian/.config/Code/User/globalStorage/vscodevim.vim/.registers'
[2021-10-19 15:01:39.369] [exthost] [info] exiting with code 0
