[2021-10-19 12:35:31.561] [exthost] [info] extension host started
[2021-10-19 12:35:31.630] [exthost] [info] ExtensionService#_doActivateExtension vscode.microsoft-authentication, startup: false, activationEvent: 'onAuthenticationRequest:microsoft'
[2021-10-19 12:35:31.630] [exthost] [info] ExtensionService#loadCommonJSModule file:///snap/code/77/usr/share/code/resources/app/extensions/microsoft-authentication/dist/extension.js
[2021-10-19 12:35:31.660] [exthost] [info] ExtensionService#_doActivateExtension vscode.debug-auto-launch, startup: true, activationEvent: '*'
[2021-10-19 12:35:31.660] [exthost] [info] ExtensionService#loadCommonJSModule file:///snap/code/77/usr/share/code/resources/app/extensions/debug-auto-launch/dist/extension
[2021-10-19 12:35:31.662] [exthost] [info] ExtensionService#_doActivateExtension vscode.git, startup: true, activationEvent: '*', root cause: vscode.github
[2021-10-19 12:35:31.662] [exthost] [info] ExtensionService#loadCommonJSModule file:///snap/code/77/usr/share/code/resources/app/extensions/git/dist/main
[2021-10-19 12:35:31.795] [exthost] [info] ExtensionService#_doActivateExtension vscode.github, startup: true, activationEvent: '*'
[2021-10-19 12:35:31.795] [exthost] [info] ExtensionService#loadCommonJSModule file:///snap/code/77/usr/share/code/resources/app/extensions/github/dist/extension.js
[2021-10-19 12:35:31.826] [exthost] [info] eager extensions activated
[2021-10-19 12:35:31.828] [exthost] [info] ExtensionService#_doActivateExtension ms-vscode.js-debug, startup: false, activationEvent: 'onCommand:extension.js-debug.clearAutoAttachVariables'
[2021-10-19 12:35:31.828] [exthost] [info] ExtensionService#loadCommonJSModule file:///snap/code/77/usr/share/code/resources/app/extensions/ms-vscode.js-debug/src/extension.js
[2021-10-19 12:35:32.020] [exthost] [info] ExtensionService#_doActivateExtension vscode.emmet, startup: false, activationEvent: 'onStartupFinished'
[2021-10-19 12:35:32.020] [exthost] [info] ExtensionService#loadCommonJSModule file:///snap/code/77/usr/share/code/resources/app/extensions/emmet/dist/node/emmetNodeMain
[2021-10-19 12:35:32.035] [exthost] [info] ExtensionService#_doActivateExtension vscode.merge-conflict, startup: false, activationEvent: 'onStartupFinished'
[2021-10-19 12:35:32.035] [exthost] [info] ExtensionService#loadCommonJSModule file:///snap/code/77/usr/share/code/resources/app/extensions/merge-conflict/dist/mergeConflictMain
[2021-10-19 12:35:32.077] [exthost] [info] ExtensionService#_doActivateExtension vscode.github-authentication, startup: false, activationEvent: 'onAuthenticationRequest:github'
[2021-10-19 12:35:32.077] [exthost] [info] ExtensionService#loadCommonJSModule file:///snap/code/77/usr/share/code/resources/app/extensions/github-authentication/dist/extension.js
[2021-10-19 13:49:35.370] [exthost] [info] extension host terminating: renderer closed the socket
[2021-10-19 13:49:36.376] [exthost] [info] exiting with code 0
[2021-10-19 13:49:37.117] [exthost] [info] extension host started
[2021-10-19 13:49:37.117] [exthost] [info] Skipping acquiring lock for /home/christian/.config/Code/User/workspaceStorage/1158196e251158784cab94b47ba3e646.
[2021-10-19 13:49:37.190] [exthost] [info] ExtensionService#_doActivateExtension vscode.microsoft-authentication, startup: false, activationEvent: 'onAuthenticationRequest:microsoft'
[2021-10-19 13:49:37.190] [exthost] [info] ExtensionService#loadCommonJSModule file:///snap/code/77/usr/share/code/resources/app/extensions/microsoft-authentication/dist/extension.js
[2021-10-19 13:49:37.201] [exthost] [info] ExtensionService#_doActivateExtension vscode.debug-auto-launch, startup: true, activationEvent: '*'
[2021-10-19 13:49:37.201] [exthost] [info] ExtensionService#loadCommonJSModule file:///snap/code/77/usr/share/code/resources/app/extensions/debug-auto-launch/dist/extension
[2021-10-19 13:49:37.202] [exthost] [info] ExtensionService#_doActivateExtension vscode.git, startup: true, activationEvent: '*', root cause: vscode.github
[2021-10-19 13:49:37.203] [exthost] [info] ExtensionService#loadCommonJSModule file:///snap/code/77/usr/share/code/resources/app/extensions/git/dist/main
[2021-10-19 13:49:37.437] [exthost] [info] ExtensionService#_doActivateExtension vscode.github, startup: true, activationEvent: '*'
[2021-10-19 13:49:37.437] [exthost] [info] ExtensionService#loadCommonJSModule file:///snap/code/77/usr/share/code/resources/app/extensions/github/dist/extension.js
[2021-10-19 13:49:37.458] [exthost] [info] ExtensionService#_doActivateExtension ms-vscode.js-debug, startup: false, activationEvent: 'onCommand:extension.js-debug.clearAutoAttachVariables'
[2021-10-19 13:49:37.458] [exthost] [info] ExtensionService#loadCommonJSModule file:///snap/code/77/usr/share/code/resources/app/extensions/ms-vscode.js-debug/src/extension.js
[2021-10-19 13:49:37.566] [exthost] [info] eager extensions activated
[2021-10-19 13:49:37.619] [exthost] [info] ExtensionService#_doActivateExtension vscode.emmet, startup: false, activationEvent: 'onStartupFinished'
[2021-10-19 13:49:37.619] [exthost] [info] ExtensionService#loadCommonJSModule file:///snap/code/77/usr/share/code/resources/app/extensions/emmet/dist/node/emmetNodeMain
[2021-10-19 13:49:37.625] [exthost] [info] ExtensionService#_doActivateExtension vscode.merge-conflict, startup: false, activationEvent: 'onStartupFinished'
[2021-10-19 13:49:37.625] [exthost] [info] ExtensionService#loadCommonJSModule file:///snap/code/77/usr/share/code/resources/app/extensions/merge-conflict/dist/mergeConflictMain
[2021-10-19 13:49:37.667] [exthost] [info] ExtensionService#_doActivateExtension vscode.github-authentication, startup: false, activationEvent: 'onAuthenticationRequest:github'
[2021-10-19 13:49:37.667] [exthost] [info] ExtensionService#loadCommonJSModule file:///snap/code/77/usr/share/code/resources/app/extensions/github-authentication/dist/extension.js
[2021-10-19 13:51:34.857] [exthost] [info] ExtensionService#_doActivateExtension ms-vscode.cpptools, startup: false, activationEvent: '*'
[2021-10-19 13:51:34.857] [exthost] [info] ExtensionService#loadCommonJSModule file:///home/christian/.vscode/extensions/ms-vscode.cpptools-1.7.0/dist/main
[2021-10-19 13:54:59.806] [exthost] [info] ExtensionService#_doActivateExtension twxs.cmake, startup: false, activationEvent: 'onLanguage:cmake'
[2021-10-19 13:54:59.806] [exthost] [info] ExtensionService#loadCommonJSModule file:///home/christian/.vscode/extensions/twxs.cmake-0.0.17/out/extension
[2021-10-19 13:54:59.819] [exthost] [info] ExtensionService#_doActivateExtension ms-vscode.cmake-tools, startup: false, activationEvent: 'workspaceContains:CMakeLists.txt'
[2021-10-19 13:54:59.819] [exthost] [info] ExtensionService#loadCommonJSModule file:///home/christian/.vscode/extensions/ms-vscode.cmake-tools-1.9.0/dist/main
[2021-10-19 13:55:16.800] [exthost] [info] ExtensionService#_doActivateExtension vscode.configuration-editing, startup: false, activationEvent: 'onLanguage:jsonc'
[2021-10-19 13:55:16.800] [exthost] [info] ExtensionService#loadCommonJSModule file:///snap/code/77/usr/share/code/resources/app/extensions/configuration-editing/dist/configurationEditingMain
[2021-10-19 13:55:16.807] [exthost] [info] ExtensionService#_doActivateExtension vscode.json-language-features, startup: false, activationEvent: 'onLanguage:jsonc'
[2021-10-19 13:55:16.807] [exthost] [info] ExtensionService#loadCommonJSModule file:///snap/code/77/usr/share/code/resources/app/extensions/json-language-features/client/dist/node/jsonClientMain
[2021-10-19 13:55:16.862] [exthost] [info] ExtensionService#_doActivateExtension vscode.typescript-language-features, startup: false, activationEvent: 'onLanguage:jsonc'
[2021-10-19 13:55:16.862] [exthost] [info] ExtensionService#loadCommonJSModule file:///snap/code/77/usr/share/code/resources/app/extensions/typescript-language-features/dist/extension
[2021-10-19 13:55:50.721] [exthost] [info] ExtensionService#_doActivateExtension vscode.extension-editing, startup: false, activationEvent: 'onLanguage:json'
[2021-10-19 13:55:50.721] [exthost] [info] ExtensionService#loadCommonJSModule file:///snap/code/77/usr/share/code/resources/app/extensions/extension-editing/dist/extensionEditingMain
[2021-10-19 13:55:50.741] [exthost] [info] ExtensionService#_doActivateExtension vscode.npm, startup: false, activationEvent: 'onLanguage:json'
[2021-10-19 13:55:50.741] [exthost] [info] ExtensionService#loadCommonJSModule file:///snap/code/77/usr/share/code/resources/app/extensions/npm/dist/npmMain
[2021-10-19 13:55:52.706] [exthost] [info] ExtensionService#_doActivateExtension vscodevim.vim, startup: false, activationEvent: '*'
[2021-10-19 13:55:52.707] [exthost] [info] ExtensionService#loadCommonJSModule file:///home/christian/.vscode/extensions/vscodevim.vim-1.21.9/out/extension
[2021-10-19 14:06:59.966] [exthost] [info] extension host terminating: renderer closed the socket
[2021-10-19 14:06:59.996] [exthost] [error] Error: ENOENT: no such file or directory, open '/home/christian/.config/Code/User/globalStorage/vscodevim.vim/.registers'
[2021-10-19 14:07:00.990] [exthost] [info] exiting with code 0
