[2021-10-19 12:35:40.980] [sharedprocess] [info] [logs cleanup]: Starting to clean up old logs.
[2021-10-19 12:36:00.985] [sharedprocess] [info] [code cache cleanup]: Starting to clean up old code cache folders.
[2021-10-19 12:36:00.986] [sharedprocess] [info] [storage cleanup]: Starting to clean up storage folders.
[2021-10-19 12:36:10.984] [sharedprocess] [info] [language pack cache cleanup]: Starting to clean up unused language packs.
[2021-10-19 13:51:31.724] [sharedprocess] [info] Installing extension: ms-vscode.cpptools
[2021-10-19 13:51:34.094] [sharedprocess] [info] Downloaded extension: ms-vscode.cpptools /home/christian/.config/Code/CachedExtensionVSIXs/ms-vscode.cpptools-1.7.0
[2021-10-19 13:51:34.486] [sharedprocess] [info] Extracted extension to /home/christian/.vscode/extensions/.ca6fd2be-5229-4a0b-bb60-62af38b8d9a5: ms-vscode.cpptools
[2021-10-19 13:51:34.497] [sharedprocess] [info] Renamed to /home/christian/.vscode/extensions/ms-vscode.cpptools-1.7.0
[2021-10-19 13:51:34.502] [sharedprocess] [info] Extracting completed. ms-vscode.cpptools
[2021-10-19 13:51:34.510] [sharedprocess] [info] Extension installed successfully: ms-vscode.cpptools
[2021-10-19 13:54:52.373] [sharedprocess] [info] Installing extension: ms-vscode.cmake-tools
[2021-10-19 13:54:53.276] [sharedprocess] [info] Installing extension: twxs.cmake
[2021-10-19 13:54:58.044] [sharedprocess] [info] Downloaded extension: twxs.cmake /home/christian/.config/Code/CachedExtensionVSIXs/twxs.cmake-0.0.17
[2021-10-19 13:54:58.209] [sharedprocess] [info] Extracted extension to /home/christian/.vscode/extensions/.689c22b0-b107-48ac-8e03-73b41a413d6f: twxs.cmake
[2021-10-19 13:54:58.213] [sharedprocess] [info] Renamed to /home/christian/.vscode/extensions/twxs.cmake-0.0.17
[2021-10-19 13:54:58.214] [sharedprocess] [info] Extracting completed. twxs.cmake
[2021-10-19 13:54:59.404] [sharedprocess] [info] Downloaded extension: ms-vscode.cmake-tools /home/christian/.config/Code/CachedExtensionVSIXs/ms-vscode.cmake-tools-1.9.0
[2021-10-19 13:54:59.569] [sharedprocess] [info] Extracted extension to /home/christian/.vscode/extensions/.504c4a40-4279-48f9-b745-2649cb8d7efc: ms-vscode.cmake-tools
[2021-10-19 13:54:59.576] [sharedprocess] [info] Renamed to /home/christian/.vscode/extensions/ms-vscode.cmake-tools-1.9.0
[2021-10-19 13:54:59.580] [sharedprocess] [info] Extracting completed. ms-vscode.cmake-tools
[2021-10-19 13:54:59.581] [sharedprocess] [info] Extension installed successfully: twxs.cmake
[2021-10-19 13:54:59.581] [sharedprocess] [info] Extension installed successfully: ms-vscode.cmake-tools
[2021-10-19 13:55:50.136] [sharedprocess] [info] Installing extension: vscodevim.vim
[2021-10-19 13:55:52.417] [sharedprocess] [info] Downloaded extension: vscodevim.vim /home/christian/.config/Code/CachedExtensionVSIXs/vscodevim.vim-1.21.9
[2021-10-19 13:55:52.526] [sharedprocess] [info] Extracted extension to /home/christian/.vscode/extensions/.95c263b5-2c5f-4e5c-a2bc-8a511c9ba7ca: vscodevim.vim
[2021-10-19 13:55:52.531] [sharedprocess] [info] Renamed to /home/christian/.vscode/extensions/vscodevim.vim-1.21.9
[2021-10-19 13:55:52.533] [sharedprocess] [info] Extracting completed. vscodevim.vim
[2021-10-19 13:55:52.534] [sharedprocess] [info] Extension installed successfully: vscodevim.vim
