[2021-10-20 09:41:18.719] [exthost] [info] extension host started
[2021-10-20 09:41:18.720] [exthost] [info] Skipping acquiring lock for /home/christian/.config/Code/User/workspaceStorage/1158196e251158784cab94b47ba3e646.
[2021-10-20 09:41:18.815] [exthost] [info] ExtensionService#_doActivateExtension vscode.microsoft-authentication, startup: false, activationEvent: 'onAuthenticationRequest:microsoft'
[2021-10-20 09:41:18.816] [exthost] [info] ExtensionService#loadCommonJSModule file:///snap/code/78/usr/share/code/resources/app/extensions/microsoft-authentication/dist/extension.js
[2021-10-20 09:41:18.855] [exthost] [info] ExtensionService#_doActivateExtension ms-vscode.cpptools, startup: false, activationEvent: 'onLanguage:cpp'
[2021-10-20 09:41:18.855] [exthost] [info] ExtensionService#loadCommonJSModule file:///home/christian/.vscode/extensions/ms-vscode.cpptools-1.7.0/dist/main
[2021-10-20 09:41:19.006] [exthost] [info] ExtensionService#_doActivateExtension vscode.debug-auto-launch, startup: true, activationEvent: '*'
[2021-10-20 09:41:19.006] [exthost] [info] ExtensionService#loadCommonJSModule file:///snap/code/78/usr/share/code/resources/app/extensions/debug-auto-launch/dist/extension
[2021-10-20 09:41:19.010] [exthost] [info] ExtensionService#_doActivateExtension vscode.git, startup: true, activationEvent: '*', root cause: vscode.github
[2021-10-20 09:41:19.010] [exthost] [info] ExtensionService#loadCommonJSModule file:///snap/code/78/usr/share/code/resources/app/extensions/git/dist/main
[2021-10-20 09:41:19.112] [exthost] [info] ExtensionService#_doActivateExtension vscodevim.vim, startup: true, activationEvent: '*'
[2021-10-20 09:41:19.112] [exthost] [info] ExtensionService#loadCommonJSModule file:///home/christian/.vscode/extensions/vscodevim.vim-1.21.9/out/extension
[2021-10-20 09:41:19.235] [exthost] [info] ExtensionService#_doActivateExtension ms-vscode.cmake-tools, startup: true, activationEvent: 'workspaceContains:CMakeLists.txt'
[2021-10-20 09:41:19.236] [exthost] [info] ExtensionService#loadCommonJSModule file:///home/christian/.vscode/extensions/ms-vscode.cmake-tools-1.9.0/dist/main
[2021-10-20 09:41:19.835] [exthost] [info] ExtensionService#_doActivateExtension vscode.github, startup: true, activationEvent: '*'
[2021-10-20 09:41:19.835] [exthost] [info] ExtensionService#loadCommonJSModule file:///snap/code/78/usr/share/code/resources/app/extensions/github/dist/extension.js
[2021-10-20 09:41:20.102] [exthost] [info] ExtensionService#_doActivateExtension ms-vscode.js-debug, startup: false, activationEvent: 'onCommand:extension.js-debug.clearAutoAttachVariables'
[2021-10-20 09:41:20.102] [exthost] [info] ExtensionService#loadCommonJSModule file:///snap/code/78/usr/share/code/resources/app/extensions/ms-vscode.js-debug/src/extension.js
[2021-10-20 09:41:20.448] [exthost] [info] ExtensionService#_doActivateExtension vscode.configuration-editing, startup: false, activationEvent: 'onLanguage:json'
[2021-10-20 09:41:20.448] [exthost] [info] ExtensionService#loadCommonJSModule file:///snap/code/78/usr/share/code/resources/app/extensions/configuration-editing/dist/configurationEditingMain
[2021-10-20 09:41:20.453] [exthost] [info] ExtensionService#_doActivateExtension vscode.extension-editing, startup: false, activationEvent: 'onLanguage:json'
[2021-10-20 09:41:20.453] [exthost] [info] ExtensionService#loadCommonJSModule file:///snap/code/78/usr/share/code/resources/app/extensions/extension-editing/dist/extensionEditingMain
[2021-10-20 09:41:20.468] [exthost] [info] ExtensionService#_doActivateExtension vscode.json-language-features, startup: false, activationEvent: 'onLanguage:json'
[2021-10-20 09:41:20.468] [exthost] [info] ExtensionService#loadCommonJSModule file:///snap/code/78/usr/share/code/resources/app/extensions/json-language-features/client/dist/node/jsonClientMain
[2021-10-20 09:41:20.526] [exthost] [info] ExtensionService#_doActivateExtension vscode.npm, startup: false, activationEvent: 'onLanguage:json'
[2021-10-20 09:41:20.526] [exthost] [info] ExtensionService#loadCommonJSModule file:///snap/code/78/usr/share/code/resources/app/extensions/npm/dist/npmMain
[2021-10-20 09:41:20.624] [exthost] [info] ExtensionService#_doActivateExtension vscode.typescript-language-features, startup: false, activationEvent: 'onLanguage:jsonc'
[2021-10-20 09:41:20.624] [exthost] [info] ExtensionService#loadCommonJSModule file:///snap/code/78/usr/share/code/resources/app/extensions/typescript-language-features/dist/extension
[2021-10-20 09:41:20.664] [exthost] [info] ExtensionService#_doActivateExtension vscode.github-authentication, startup: false, activationEvent: 'onAuthenticationRequest:github'
[2021-10-20 09:41:20.664] [exthost] [info] ExtensionService#loadCommonJSModule file:///snap/code/78/usr/share/code/resources/app/extensions/github-authentication/dist/extension.js
[2021-10-20 09:41:21.085] [exthost] [info] eager extensions activated
[2021-10-20 09:41:21.105] [exthost] [info] ExtensionService#_doActivateExtension vscode.emmet, startup: false, activationEvent: 'onStartupFinished'
[2021-10-20 09:41:21.105] [exthost] [info] ExtensionService#loadCommonJSModule file:///snap/code/78/usr/share/code/resources/app/extensions/emmet/dist/node/emmetNodeMain
[2021-10-20 09:41:21.125] [exthost] [info] ExtensionService#_doActivateExtension vscode.merge-conflict, startup: false, activationEvent: 'onStartupFinished'
[2021-10-20 09:41:21.125] [exthost] [info] ExtensionService#loadCommonJSModule file:///snap/code/78/usr/share/code/resources/app/extensions/merge-conflict/dist/mergeConflictMain
[2021-10-20 19:55:07.347] [exthost] [info] extension host terminating: renderer closed the socket
[2021-10-20 19:55:07.449] [exthost] [error] [ms-vscode.cpptools] provider FAILED
[2021-10-20 19:55:07.449] [exthost] [error] Error: Connection got disposed.
    at Object.dispose (/home/christian/.vscode/extensions/ms-vscode.cpptools-1.7.0/dist/main.js:58674:25)
    at Object.dispose (/home/christian/.vscode/extensions/ms-vscode.cpptools-1.7.0/dist/main.js:59594:35)
    at /home/christian/.vscode/extensions/ms-vscode.cpptools-1.7.0/dist/main.js:61588:28
    at async Promise.all (index 14)
    at w.deactivateAll (/snap/code/78/usr/share/code/resources/app/out/vs/workbench/services/extensions/node/extensionHostProcess.js:99:10017)
[2021-10-20 19:55:07.449] [exthost] [error] [ms-vscode.cpptools] provider FAILED
[2021-10-20 19:55:07.449] [exthost] [error] Error: Connection got disposed.
    at Object.dispose (/home/christian/.vscode/extensions/ms-vscode.cpptools-1.7.0/dist/main.js:58674:25)
    at Object.dispose (/home/christian/.vscode/extensions/ms-vscode.cpptools-1.7.0/dist/main.js:59594:35)
    at /home/christian/.vscode/extensions/ms-vscode.cpptools-1.7.0/dist/main.js:61588:28
    at async Promise.all (index 14)
    at w.deactivateAll (/snap/code/78/usr/share/code/resources/app/out/vs/workbench/services/extensions/node/extensionHostProcess.js:99:10017)
[2021-10-20 19:55:08.367] [exthost] [info] exiting with code 0
